<?xml version="1.0" encoding="UTF-8"?>
<robot generator="Robot 5.0.1 (Python 3.9.13 on win32)" generated="20230620 17:01:33.117" rpa="true" schemaversion="3">
<suite id="s1" name="Producer" source="c:\Users\Aileen\Desktop\beecker\rb3\producer">
<suite id="s1-s1" name="Producer" source="c:\Users\Aileen\Desktop\beecker\rb3\producer\producer.robot">
<test id="s1-s1-t1" name="Produce traffic data work items" line="22">
<kw name="Download traffic data">
<kw name="Download" library="RPA.HTTP">
<arg>https://github.com/robocorp/inhuman-insurance-inc/raw/main/RS_198.json</arg>
<arg>${TRAFFIC_JSON_FILE_PATH}</arg>
<arg>overwrite=True</arg>
<doc>An alias for the ``HTTP Get`` keyword.</doc>
<msg timestamp="20230620 17:01:36.450" level="INFO">Creating a new HTTP session</msg>
<msg timestamp="20230620 17:01:36.456" level="INFO">Creating Session using : alias=rpasession_alias.httpsgithub.com, url=https://github.com, headers={},                     cookies={}, auth=None, timeout=None, proxies=None, verify=True,                     debug=0 </msg>
<status status="PASS" starttime="20230620 17:01:36.449" endtime="20230620 17:01:39.058"/>
</kw>
<status status="PASS" starttime="20230620 17:01:36.448" endtime="20230620 17:01:39.059"/>
</kw>
<kw name="Load traffic data as table">
<var>${traffic_data}</var>
<kw name="Load JSON from file" library="RPA.JSON">
<var>${json}</var>
<arg>${TRAFFIC_JSON_FILE_PATH}</arg>
<doc>Load JSON data from a file, and return it as JSON serializable object.
Depending on the input file the object can be either a dictionary,
a list, or a scalar value.</doc>
<msg timestamp="20230620 17:01:39.064" level="INFO">Loading JSON from file: C:\Users\Aileen\Desktop\beecker\rb3\producer\output\traffic.json</msg>
<msg timestamp="20230620 17:01:39.448" level="INFO">${json} = {'@odata.context': 'https://ghoapi.azureedge.net/api/$metadata#RS_198', 'value': [{'Id': 25257658, 'IndicatorCode': 'RS_198', 'SpatialDimType': 'COUNTRY', 'SpatialDim': 'AFG', 'TimeDimType': 'YEAR', '...</msg>
<status status="PASS" starttime="20230620 17:01:39.062" endtime="20230620 17:01:39.449"/>
</kw>
<kw name="Create Table" library="RPA.Tables">
<var>${table}</var>
<arg>${json}[value]</arg>
<doc>Create Table object from data.</doc>
<msg timestamp="20230620 17:01:39.944" level="INFO">Created table: Table(columns=['Id', 'IndicatorCode', 'SpatialDimType', 'SpatialDim', 'TimeDimType', 'TimeDim', 'Dim1Type', 'Dim1', 'Dim2Type', 'Dim2', 'Dim3Type', 'Dim3', 'DataSourceDimType', 'DataSourceDim', 'Value', 'NumericValue', 'Low', 'High', 'Comments', 'Date', 'TimeDimensionValue', 'TimeDimensionBegin', 'TimeDimensionEnd'], rows=11640)</msg>
<msg timestamp="20230620 17:01:39.946" level="INFO">${table} = Table(columns=['Id', 'IndicatorCode', 'SpatialDimType', 'SpatialDim', 'TimeDimType', 'TimeDim', 'Dim1Type', 'Dim1', 'Dim2Type', 'Dim2', 'Dim3Type', 'Dim3', 'DataSourceDimType', 'DataSourceDim', 'Value...</msg>
<status status="PASS" starttime="20230620 17:01:39.450" endtime="20230620 17:01:39.947"/>
</kw>
<return>
<value>${table}</value>
<status status="PASS" starttime="20230620 17:01:39.947" endtime="20230620 17:01:39.947"/>
</return>
<msg timestamp="20230620 17:01:39.948" level="INFO">${traffic_data} = Table(columns=['Id', 'IndicatorCode', 'SpatialDimType', 'SpatialDim', 'TimeDimType', 'TimeDim', 'Dim1Type', 'Dim1', 'Dim2Type', 'Dim2', 'Dim3Type', 'Dim3', 'DataSourceDimType', 'DataSourceDim', 'Value...</msg>
<status status="PASS" starttime="20230620 17:01:39.061" endtime="20230620 17:01:39.948"/>
</kw>
<kw name="Filter and sort traffic data">
<var>${filtered_data}</var>
<arg>${traffic_data}</arg>
<kw name="Set Variable" library="BuiltIn">
<var>${max_rate}</var>
<arg>${5.0}</arg>
<doc>Returns the given values which can then be assigned to a variables.</doc>
<msg timestamp="20230620 17:01:39.957" level="INFO">${max_rate} = 5.0</msg>
<status status="PASS" starttime="20230620 17:01:39.954" endtime="20230620 17:01:39.958"/>
</kw>
<kw name="Set Variable" library="BuiltIn">
<var>${both_genders}</var>
<arg>BTSX</arg>
<doc>Returns the given values which can then be assigned to a variables.</doc>
<msg timestamp="20230620 17:01:39.960" level="INFO">${both_genders} = BTSX</msg>
<status status="PASS" starttime="20230620 17:01:39.958" endtime="20230620 17:01:39.960"/>
</kw>
<kw name="Filter Table By Column" library="RPA.Tables">
<arg>${table}</arg>
<arg>${RATE_KEY}</arg>
<arg>&lt;</arg>
<arg>${max_rate}</arg>
<doc>Remove all rows where column values don't match the
given condition.</doc>
<msg timestamp="20230620 17:01:40.163" level="INFO">Filtered -10339 rows</msg>
<status status="PASS" starttime="20230620 17:01:39.961" endtime="20230620 17:01:40.164"/>
</kw>
<kw name="Filter Table By Column" library="RPA.Tables">
<arg>${table}</arg>
<arg>${GENDER_KEY}</arg>
<arg>==</arg>
<arg>${both_genders}</arg>
<doc>Remove all rows where column values don't match the
given condition.</doc>
<msg timestamp="20230620 17:01:40.182" level="INFO">Filtered -1056 rows</msg>
<status status="PASS" starttime="20230620 17:01:40.165" endtime="20230620 17:01:40.182"/>
</kw>
<kw name="Sort Table By Column" library="RPA.Tables">
<arg>${table}</arg>
<arg>${YEAR_KEY}</arg>
<arg>False</arg>
<doc>Sort a table in-place according to ``column``.</doc>
<status status="PASS" starttime="20230620 17:01:40.183" endtime="20230620 17:01:40.188"/>
</kw>
<return>
<value>${table}</value>
<status status="PASS" starttime="20230620 17:01:40.188" endtime="20230620 17:01:40.189"/>
</return>
<msg timestamp="20230620 17:01:40.190" level="INFO">${filtered_data} = Table(columns=['Id', 'IndicatorCode', 'SpatialDimType', 'SpatialDim', 'TimeDimType', 'TimeDim', 'Dim1Type', 'Dim1', 'Dim2Type', 'Dim2', 'Dim3Type', 'Dim3', 'DataSourceDimType', 'DataSourceDim', 'Value...</msg>
<status status="PASS" starttime="20230620 17:01:39.952" endtime="20230620 17:01:40.191"/>
</kw>
<kw name="Get latest data by country">
<var>${filtered_data}</var>
<arg>${filtered_data}</arg>
<kw name="Group Table By Column" library="RPA.Tables">
<var>${table}</var>
<arg>${table}</arg>
<arg>${COUNTRY_KEY}</arg>
<doc>Group a table by ``column`` and return a list of grouped Tables.</doc>
<msg timestamp="20230620 17:01:40.346" level="INFO">Found 30 groups</msg>
<msg timestamp="20230620 17:01:40.347" level="INFO">${table} = [Table(columns=['Id', 'IndicatorCode', 'SpatialDimType', 'SpatialDim', 'TimeDimType', 'TimeDim', 'Dim1Type', 'Dim1', 'Dim2Type', 'Dim2', 'Dim3Type', 'Dim3', 'DataSourceDimType', 'DataSourceDim', 'Valu...</msg>
<status status="PASS" starttime="20230620 17:01:40.236" endtime="20230620 17:01:40.347"/>
</kw>
<kw name="Create List" library="BuiltIn">
<var>${latest_data_by_country}</var>
<doc>Returns a list containing given items.</doc>
<msg timestamp="20230620 17:01:40.349" level="INFO">${latest_data_by_country} = []</msg>
<status status="PASS" starttime="20230620 17:01:40.349" endtime="20230620 17:01:40.350"/>
</kw>
<for flavor="IN">
<var>${group}</var>
<value>@{table}</value>
<iter>
<var name="${group}">Table(columns=['Id', 'IndicatorCode', 'SpatialDimType', 'SpatialDim', 'TimeDimType', 'TimeDim', 'Dim1Type', 'Dim1', 'Dim2Type', 'Dim2', 'Dim3Type', 'Dim3', 'DataSourceDimType', 'DataSourceDim', 'Value...</var>
<kw name="Pop Table Row" library="RPA.Tables">
<var>${first_row}</var>
<arg>${group}</arg>
<doc>Remove row from table and return it.</doc>
<msg timestamp="20230620 17:01:40.352" level="INFO">${first_row} = {'Id': 25414305, 'IndicatorCode': 'RS_198', 'SpatialDimType': 'COUNTRY', 'SpatialDim': 'VCT', 'TimeDimType': 'YEAR', 'TimeDim': 2011, 'Dim1Type': 'SEX', 'Dim1': 'BTSX', 'Dim2Type': None, 'Dim2': None,...</msg>
<status status="PASS" starttime="20230620 17:01:40.351" endtime="20230620 17:01:40.352"/>
</kw>
<kw name="Append To List" library="Collections">
<arg>${latest_data_by_country}</arg>
<arg>${first_row}</arg>
<doc>Adds ``values`` to the end of ``list``.</doc>
<status status="PASS" starttime="20230620 17:01:40.353" endtime="20230620 17:01:40.353"/>
</kw>
<status status="PASS" starttime="20230620 17:01:40.350" endtime="20230620 17:01:40.354"/>
</iter>
<iter>
<var name="${group}">Table(columns=['Id', 'IndicatorCode', 'SpatialDimType', 'SpatialDim', 'TimeDimType', 'TimeDim', 'Dim1Type', 'Dim1', 'Dim2Type', 'Dim2', 'Dim3Type', 'Dim3', 'DataSourceDimType', 'DataSourceDim', 'Value...</var>
<kw name="Pop Table Row" library="RPA.Tables">
<var>${first_row}</var>
<arg>${group}</arg>
<doc>Remove row from table and return it.</doc>
<msg timestamp="20230620 17:01:40.356" level="INFO">${first_row} = {'Id': 25396290, 'IndicatorCode': 'RS_198', 'SpatialDimType': 'COUNTRY', 'SpatialDim': 'SWError', 'TimeDimType': 'YEAR', 'TimeDim': 2019, 'Dim1Type': 'SEX', 'Dim1': 'BTSX', 'Dim2Type': None, 'Dim2': N...</msg>
<status status="PASS" starttime="20230620 17:01:40.355" endtime="20230620 17:01:40.356"/>
</kw>
<kw name="Append To List" library="Collections">
<arg>${latest_data_by_country}</arg>
<arg>${first_row}</arg>
<doc>Adds ``values`` to the end of ``list``.</doc>
<status status="PASS" starttime="20230620 17:01:40.356" endtime="20230620 17:01:40.357"/>
</kw>
<status status="PASS" starttime="20230620 17:01:40.354" endtime="20230620 17:01:40.357"/>
</iter>
<iter>
<var name="${group}">Table(columns=['Id', 'IndicatorCode', 'SpatialDimType', 'SpatialDim', 'TimeDimType', 'TimeDim', 'Dim1Type', 'Dim1', 'Dim2Type', 'Dim2', 'Dim3Type', 'Dim3', 'DataSourceDimType', 'DataSourceDim', 'Value...</var>
<kw name="Pop Table Row" library="RPA.Tables">
<var>${first_row}</var>
<arg>${group}</arg>
<doc>Remove row from table and return it.</doc>
<msg timestamp="20230620 17:01:40.360" level="INFO">${first_row} = {'Id': 25396263, 'IndicatorCode': 'RS_198', 'SpatialDimType': 'COUNTRY', 'SpatialDim': 'SWE', 'TimeDimType': 'YEAR', 'TimeDim': 2018, 'Dim1Type': 'SEX', 'Dim1': 'BTSX', 'Dim2Type': None, 'Dim2': None,...</msg>
<status status="PASS" starttime="20230620 17:01:40.358" endtime="20230620 17:01:40.360"/>
</kw>
<kw name="Append To List" library="Collections">
<arg>${latest_data_by_country}</arg>
<arg>${first_row}</arg>
<doc>Adds ``values`` to the end of ``list``.</doc>
<status status="PASS" starttime="20230620 17:01:40.361" endtime="20230620 17:01:40.362"/>
</kw>
<status status="PASS" starttime="20230620 17:01:40.358" endtime="20230620 17:01:40.362"/>
</iter>
<iter>
<var name="${group}">Table(columns=['Id', 'IndicatorCode', 'SpatialDimType', 'SpatialDim', 'TimeDimType', 'TimeDim', 'Dim1Type', 'Dim1', 'Dim2Type', 'Dim2', 'Dim3Type', 'Dim3', 'DataSourceDimType', 'DataSourceDim', 'Value...</var>
<kw name="Pop Table Row" library="RPA.Tables">
<var>${first_row}</var>
<arg>${group}</arg>
<doc>Remove row from table and return it.</doc>
<msg timestamp="20230620 17:01:40.364" level="INFO">${first_row} = {'Id': 25395399, 'IndicatorCode': 'RS_198', 'SpatialDimType': 'COUNTRY', 'SpatialDim': 'SVN', 'TimeDimType': 'YEAR', 'TimeDim': 2018, 'Dim1Type': 'SEX', 'Dim1': 'BTSX', 'Dim2Type': None, 'Dim2': None,...</msg>
<status status="PASS" starttime="20230620 17:01:40.363" endtime="20230620 17:01:40.365"/>
</kw>
<kw name="Append To List" library="Collections">
<arg>${latest_data_by_country}</arg>
<arg>${first_row}</arg>
<doc>Adds ``values`` to the end of ``list``.</doc>
<status status="PASS" starttime="20230620 17:01:40.365" endtime="20230620 17:01:40.366"/>
</kw>
<status status="PASS" starttime="20230620 17:01:40.363" endtime="20230620 17:01:40.366"/>
</iter>
<iter>
<var name="${group}">Table(columns=['Id', 'IndicatorCode', 'SpatialDimType', 'SpatialDim', 'TimeDimType', 'TimeDim', 'Dim1Type', 'Dim1', 'Dim2Type', 'Dim2', 'Dim3Type', 'Dim3', 'DataSourceDimType', 'DataSourceDim', 'Value...</var>
<kw name="Pop Table Row" library="RPA.Tables">
<var>${first_row}</var>
<arg>${group}</arg>
<doc>Remove row from table and return it.</doc>
<msg timestamp="20230620 17:01:40.368" level="INFO">${first_row} = {'Id': 25386375, 'IndicatorCode': 'RS_198', 'SpatialDimType': 'COUNTRY', 'SpatialDim': 'SGP', 'TimeDimType': 'YEAR', 'TimeDim': 2019, 'Dim1Type': 'SEX', 'Dim1': 'BTSX', 'Dim2Type': None, 'Dim2': None,...</msg>
<status status="PASS" starttime="20230620 17:01:40.367" endtime="20230620 17:01:40.368"/>
</kw>
<kw name="Append To List" library="Collections">
<arg>${latest_data_by_country}</arg>
<arg>${first_row}</arg>
<doc>Adds ``values`` to the end of ``list``.</doc>
<status status="PASS" starttime="20230620 17:01:40.368" endtime="20230620 17:01:40.369"/>
</kw>
<status status="PASS" starttime="20230620 17:01:40.366" endtime="20230620 17:01:40.369"/>
</iter>
<iter>
<var name="${group}">Table(columns=['Id', 'IndicatorCode', 'SpatialDimType', 'SpatialDim', 'TimeDimType', 'TimeDim', 'Dim1Type', 'Dim1', 'Dim2Type', 'Dim2', 'Dim3Type', 'Dim3', 'DataSourceDimType', 'DataSourceDim', 'Value...</var>
<kw name="Pop Table Row" library="RPA.Tables">
<var>${first_row}</var>
<arg>${group}</arg>
<doc>Remove row from table and return it.</doc>
<msg timestamp="20230620 17:01:40.371" level="INFO">${first_row} = {'Id': 25368358, 'IndicatorCode': 'RS_198', 'SpatialDimType': 'COUNTRY', 'SpatialDim': 'NOR', 'TimeDimType': 'YEAR', 'TimeDim': 2019, 'Dim1Type': 'SEX', 'Dim1': 'BTSX', 'Dim2Type': None, 'Dim2': None,...</msg>
<status status="PASS" starttime="20230620 17:01:40.370" endtime="20230620 17:01:40.371"/>
</kw>
<kw name="Append To List" library="Collections">
<arg>${latest_data_by_country}</arg>
<arg>${first_row}</arg>
<doc>Adds ``values`` to the end of ``list``.</doc>
<status status="PASS" starttime="20230620 17:01:40.372" endtime="20230620 17:01:40.373"/>
</kw>
<status status="PASS" starttime="20230620 17:01:40.370" endtime="20230620 17:01:40.373"/>
</iter>
<iter>
<var name="${group}">Table(columns=['Id', 'IndicatorCode', 'SpatialDimType', 'SpatialDim', 'TimeDimType', 'TimeDim', 'Dim1Type', 'Dim1', 'Dim2Type', 'Dim2', 'Dim3Type', 'Dim3', 'DataSourceDimType', 'DataSourceDim', 'Value...</var>
<kw name="Pop Table Row" library="RPA.Tables">
<var>${first_row}</var>
<arg>${group}</arg>
<doc>Remove row from table and return it.</doc>
<msg timestamp="20230620 17:01:40.375" level="INFO">${first_row} = {'Id': 25367485, 'IndicatorCode': 'RS_198', 'SpatialDimType': 'COUNTRY', 'SpatialDim': 'NLD', 'TimeDimType': 'YEAR', 'TimeDim': 2019, 'Dim1Type': 'SEX', 'Dim1': 'BTSX', 'Dim2Type': None, 'Dim2': None,...</msg>
<status status="PASS" starttime="20230620 17:01:40.374" endtime="20230620 17:01:40.375"/>
</kw>
<kw name="Append To List" library="Collections">
<arg>${latest_data_by_country}</arg>
<arg>${first_row}</arg>
<doc>Adds ``values`` to the end of ``list``.</doc>
<status status="PASS" starttime="20230620 17:01:40.376" endtime="20230620 17:01:40.377"/>
</kw>
<status status="PASS" starttime="20230620 17:01:40.373" endtime="20230620 17:01:40.378"/>
</iter>
<iter>
<var name="${group}">Table(columns=['Id', 'IndicatorCode', 'SpatialDimType', 'SpatialDim', 'TimeDimType', 'TimeDim', 'Dim1Type', 'Dim1', 'Dim2Type', 'Dim2', 'Dim3Type', 'Dim3', 'DataSourceDimType', 'DataSourceDim', 'Value...</var>
<kw name="Pop Table Row" library="RPA.Tables">
<var>${first_row}</var>
<arg>${group}</arg>
<doc>Remove row from table and return it.</doc>
<msg timestamp="20230620 17:01:40.379" level="INFO">${first_row} = {'Id': 25355795, 'IndicatorCode': 'RS_198', 'SpatialDimType': 'COUNTRY', 'SpatialDim': 'MLT', 'TimeDimType': 'YEAR', 'TimeDim': 2019, 'Dim1Type': 'SEX', 'Dim1': 'BTSX', 'Dim2Type': None, 'Dim2': None,...</msg>
<status status="PASS" starttime="20230620 17:01:40.378" endtime="20230620 17:01:40.380"/>
</kw>
<kw name="Append To List" library="Collections">
<arg>${latest_data_by_country}</arg>
<arg>${first_row}</arg>
<doc>Adds ``values`` to the end of ``list``.</doc>
<status status="PASS" starttime="20230620 17:01:40.380" endtime="20230620 17:01:40.381"/>
</kw>
<status status="PASS" starttime="20230620 17:01:40.378" endtime="20230620 17:01:40.381"/>
</iter>
<iter>
<var name="${group}">Table(columns=['Id', 'IndicatorCode', 'SpatialDimType', 'SpatialDim', 'TimeDimType', 'TimeDim', 'Dim1Type', 'Dim1', 'Dim2Type', 'Dim2', 'Dim3Type', 'Dim3', 'DataSourceDimType', 'DataSourceDim', 'Value...</var>
<kw name="Pop Table Row" library="RPA.Tables">
<var>${first_row}</var>
<arg>${group}</arg>
<doc>Remove row from table and return it.</doc>
<msg timestamp="20230620 17:01:40.384" level="INFO">${first_row} = {'Id': 25352172, 'IndicatorCode': 'RS_198', 'SpatialDimType': 'COUNTRY', 'SpatialDim': 'MDV', 'TimeDimType': 'YEAR', 'TimeDim': 2019, 'Dim1Type': 'SEX', 'Dim1': 'BTSX', 'Dim2Type': None, 'Dim2': None,...</msg>
<status status="PASS" starttime="20230620 17:01:40.382" endtime="20230620 17:01:40.385"/>
</kw>
<kw name="Append To List" library="Collections">
<arg>${latest_data_by_country}</arg>
<arg>${first_row}</arg>
<doc>Adds ``values`` to the end of ``list``.</doc>
<status status="PASS" starttime="20230620 17:01:40.385" endtime="20230620 17:01:40.386"/>
</kw>
<status status="PASS" starttime="20230620 17:01:40.381" endtime="20230620 17:01:40.386"/>
</iter>
<iter>
<var name="${group}">Table(columns=['Id', 'IndicatorCode', 'SpatialDimType', 'SpatialDim', 'TimeDimType', 'TimeDim', 'Dim1Type', 'Dim1', 'Dim2Type', 'Dim2', 'Dim3Type', 'Dim3', 'DataSourceDimType', 'DataSourceDim', 'Value...</var>
<kw name="Pop Table Row" library="RPA.Tables">
<var>${first_row}</var>
<arg>${group}</arg>
<doc>Remove row from table and return it.</doc>
<msg timestamp="20230620 17:01:40.388" level="INFO">${first_row} = {'Id': 25347667, 'IndicatorCode': 'RS_198', 'SpatialDimType': 'COUNTRY', 'SpatialDim': 'LUX', 'TimeDimType': 'YEAR', 'TimeDim': 2019, 'Dim1Type': 'SEX', 'Dim1': 'BTSX', 'Dim2Type': None, 'Dim2': None,...</msg>
<status status="PASS" starttime="20230620 17:01:40.387" endtime="20230620 17:01:40.388"/>
</kw>
<kw name="Append To List" library="Collections">
<arg>${latest_data_by_country}</arg>
<arg>${first_row}</arg>
<doc>Adds ``values`` to the end of ``list``.</doc>
<status status="PASS" starttime="20230620 17:01:40.388" endtime="20230620 17:01:40.389"/>
</kw>
<status status="PASS" starttime="20230620 17:01:40.387" endtime="20230620 17:01:40.389"/>
</iter>
<iter>
<var name="${group}">Table(columns=['Id', 'IndicatorCode', 'SpatialDimType', 'SpatialDim', 'TimeDimType', 'TimeDim', 'Dim1Type', 'Dim1', 'Dim2Type', 'Dim2', 'Dim3Type', 'Dim3', 'DataSourceDimType', 'DataSourceDim', 'Value...</var>
<kw name="Pop Table Row" library="RPA.Tables">
<var>${first_row}</var>
<arg>${group}</arg>
<doc>Remove row from table and return it.</doc>
<msg timestamp="20230620 17:01:40.391" level="INFO">${first_row} = {'Id': 25344109, 'IndicatorCode': 'RS_198', 'SpatialDimType': 'COUNTRY', 'SpatialDim': 'LCA', 'TimeDimType': 'YEAR', 'TimeDim': 2008, 'Dim1Type': 'SEX', 'Dim1': 'BTSX', 'Dim2Type': None, 'Dim2': None,...</msg>
<status status="PASS" starttime="20230620 17:01:40.390" endtime="20230620 17:01:40.392"/>
</kw>
<kw name="Append To List" library="Collections">
<arg>${latest_data_by_country}</arg>
<arg>${first_row}</arg>
<doc>Adds ``values`` to the end of ``list``.</doc>
<status status="PASS" starttime="20230620 17:01:40.393" endtime="20230620 17:01:40.394"/>
</kw>
<status status="PASS" starttime="20230620 17:01:40.390" endtime="20230620 17:01:40.395"/>
</iter>
<iter>
<var name="${group}">Table(columns=['Id', 'IndicatorCode', 'SpatialDimType', 'SpatialDim', 'TimeDimType', 'TimeDim', 'Dim1Type', 'Dim1', 'Dim2Type', 'Dim2', 'Dim3Type', 'Dim3', 'DataSourceDimType', 'DataSourceDim', 'Value...</var>
<kw name="Pop Table Row" library="RPA.Tables">
<var>${first_row}</var>
<arg>${group}</arg>
<doc>Remove row from table and return it.</doc>
<msg timestamp="20230620 17:01:40.397" level="INFO">${first_row} = {'Id': 25337776, 'IndicatorCode': 'RS_198', 'SpatialDimType': 'COUNTRY', 'SpatialDim': 'KIR', 'TimeDimType': 'YEAR', 'TimeDim': 2019, 'Dim1Type': 'SEX', 'Dim1': 'BTSX', 'Dim2Type': None, 'Dim2': None,...</msg>
<status status="PASS" starttime="20230620 17:01:40.396" endtime="20230620 17:01:40.398"/>
</kw>
<kw name="Append To List" library="Collections">
<arg>${latest_data_by_country}</arg>
<arg>${first_row}</arg>
<doc>Adds ``values`` to the end of ``list``.</doc>
<status status="PASS" starttime="20230620 17:01:40.398" endtime="20230620 17:01:40.399"/>
</kw>
<status status="PASS" starttime="20230620 17:01:40.396" endtime="20230620 17:01:40.399"/>
</iter>
<iter>
<var name="${group}">Table(columns=['Id', 'IndicatorCode', 'SpatialDimType', 'SpatialDim', 'TimeDimType', 'TimeDim', 'Dim1Type', 'Dim1', 'Dim2Type', 'Dim2', 'Dim3Type', 'Dim3', 'DataSourceDimType', 'DataSourceDim', 'Value...</var>
<kw name="Pop Table Row" library="RPA.Tables">
<var>${first_row}</var>
<arg>${group}</arg>
<doc>Remove row from table and return it.</doc>
<msg timestamp="20230620 17:01:40.400" level="INFO">${first_row} = {'Id': 25333279, 'IndicatorCode': 'RS_198', 'SpatialDimType': 'COUNTRY', 'SpatialDim': 'JPN', 'TimeDimType': 'YEAR', 'TimeDim': 2019, 'Dim1Type': 'SEX', 'Dim1': 'BTSX', 'Dim2Type': None, 'Dim2': None,...</msg>
<status status="PASS" starttime="20230620 17:01:40.400" endtime="20230620 17:01:40.401"/>
</kw>
<kw name="Append To List" library="Collections">
<arg>${latest_data_by_country}</arg>
<arg>${first_row}</arg>
<doc>Adds ``values`` to the end of ``list``.</doc>
<status status="PASS" starttime="20230620 17:01:40.401" endtime="20230620 17:01:40.402"/>
</kw>
<status status="PASS" starttime="20230620 17:01:40.399" endtime="20230620 17:01:40.402"/>
</iter>
<iter>
<var name="${group}">Table(columns=['Id', 'IndicatorCode', 'SpatialDimType', 'SpatialDim', 'TimeDimType', 'TimeDim', 'Dim1Type', 'Dim1', 'Dim2Type', 'Dim2', 'Dim3Type', 'Dim3', 'DataSourceDimType', 'DataSourceDim', 'Value...</var>
<kw name="Pop Table Row" library="RPA.Tables">
<var>${first_row}</var>
<arg>${group}</arg>
<doc>Remove row from table and return it.</doc>
<msg timestamp="20230620 17:01:40.404" level="INFO">${first_row} = {'Id': 25329697, 'IndicatorCode': 'RS_198', 'SpatialDimType': 'COUNTRY', 'SpatialDim': 'ISR', 'TimeDimType': 'YEAR', 'TimeDim': 2019, 'Dim1Type': 'SEX', 'Dim1': 'BTSX', 'Dim2Type': None, 'Dim2': None,...</msg>
<status status="PASS" starttime="20230620 17:01:40.403" endtime="20230620 17:01:40.404"/>
</kw>
<kw name="Append To List" library="Collections">
<arg>${latest_data_by_country}</arg>
<arg>${first_row}</arg>
<doc>Adds ``values`` to the end of ``list``.</doc>
<status status="PASS" starttime="20230620 17:01:40.404" endtime="20230620 17:01:40.405"/>
</kw>
<status status="PASS" starttime="20230620 17:01:40.402" endtime="20230620 17:01:40.405"/>
</iter>
<iter>
<var name="${group}">Table(columns=['Id', 'IndicatorCode', 'SpatialDimType', 'SpatialDim', 'TimeDimType', 'TimeDim', 'Dim1Type', 'Dim1', 'Dim2Type', 'Dim2', 'Dim3Type', 'Dim3', 'DataSourceDimType', 'DataSourceDim', 'Value...</var>
<kw name="Pop Table Row" library="RPA.Tables">
<var>${first_row}</var>
<arg>${group}</arg>
<doc>Remove row from table and return it.</doc>
<msg timestamp="20230620 17:01:40.407" level="INFO">${first_row} = {'Id': 25328814, 'IndicatorCode': 'RS_198', 'SpatialDimType': 'COUNTRY', 'SpatialDim': 'ISL', 'TimeDimType': 'YEAR', 'TimeDim': 2019, 'Dim1Type': 'SEX', 'Dim1': 'BTSX', 'Dim2Type': None, 'Dim2': None,...</msg>
<status status="PASS" starttime="20230620 17:01:40.406" endtime="20230620 17:01:40.408"/>
</kw>
<kw name="Append To List" library="Collections">
<arg>${latest_data_by_country}</arg>
<arg>${first_row}</arg>
<doc>Adds ``values`` to the end of ``list``.</doc>
<status status="PASS" starttime="20230620 17:01:40.409" endtime="20230620 17:01:40.410"/>
</kw>
<status status="PASS" starttime="20230620 17:01:40.406" endtime="20230620 17:01:40.410"/>
</iter>
<iter>
<var name="${group}">Table(columns=['Id', 'IndicatorCode', 'SpatialDimType', 'SpatialDim', 'TimeDimType', 'TimeDim', 'Dim1Type', 'Dim1', 'Dim2Type', 'Dim2', 'Dim3Type', 'Dim3', 'DataSourceDimType', 'DataSourceDim', 'Value...</var>
<kw name="Pop Table Row" library="RPA.Tables">
<var>${first_row}</var>
<arg>${group}</arg>
<doc>Remove row from table and return it.</doc>
<msg timestamp="20230620 17:01:40.411" level="INFO">${first_row} = {'Id': 25326084, 'IndicatorCode': 'RS_198', 'SpatialDimType': 'COUNTRY', 'SpatialDim': 'IRL', 'TimeDimType': 'YEAR', 'TimeDim': 2019, 'Dim1Type': 'SEX', 'Dim1': 'BTSX', 'Dim2Type': None, 'Dim2': None,...</msg>
<status status="PASS" starttime="20230620 17:01:40.411" endtime="20230620 17:01:40.412"/>
</kw>
<kw name="Append To List" library="Collections">
<arg>${latest_data_by_country}</arg>
<arg>${first_row}</arg>
<doc>Adds ``values`` to the end of ``list``.</doc>
<status status="PASS" starttime="20230620 17:01:40.413" endtime="20230620 17:01:40.414"/>
</kw>
<status status="PASS" starttime="20230620 17:01:40.410" endtime="20230620 17:01:40.415"/>
</iter>
<iter>
<var name="${group}">Table(columns=['Id', 'IndicatorCode', 'SpatialDimType', 'SpatialDim', 'TimeDimType', 'TimeDim', 'Dim1Type', 'Dim1', 'Dim2Type', 'Dim2', 'Dim3Type', 'Dim3', 'DataSourceDimType', 'DataSourceDim', 'Value...</var>
<kw name="Pop Table Row" library="RPA.Tables">
<var>${first_row}</var>
<arg>${group}</arg>
<doc>Remove row from table and return it.</doc>
<msg timestamp="20230620 17:01:40.416" level="INFO">${first_row} = {'Id': 25318901, 'IndicatorCode': 'RS_198', 'SpatialDimType': 'COUNTRY', 'SpatialDim': 'GTM', 'TimeDimType': 'YEAR', 'TimeDim': 2006, 'Dim1Type': 'SEX', 'Dim1': 'BTSX', 'Dim2Type': None, 'Dim2': None,...</msg>
<status status="PASS" starttime="20230620 17:01:40.416" endtime="20230620 17:01:40.417"/>
</kw>
<kw name="Append To List" library="Collections">
<arg>${latest_data_by_country}</arg>
<arg>${first_row}</arg>
<doc>Adds ``values`` to the end of ``list``.</doc>
<status status="PASS" starttime="20230620 17:01:40.417" endtime="20230620 17:01:40.418"/>
</kw>
<status status="PASS" starttime="20230620 17:01:40.415" endtime="20230620 17:01:40.418"/>
</iter>
<iter>
<var name="${group}">Table(columns=['Id', 'IndicatorCode', 'SpatialDimType', 'SpatialDim', 'TimeDimType', 'TimeDim', 'Dim1Type', 'Dim1', 'Dim2Type', 'Dim2', 'Dim3Type', 'Dim3', 'DataSourceDimType', 'DataSourceDim', 'Value...</var>
<kw name="Pop Table Row" library="RPA.Tables">
<var>${first_row}</var>
<arg>${group}</arg>
<doc>Remove row from table and return it.</doc>
<msg timestamp="20230620 17:01:40.420" level="INFO">${first_row} = {'Id': 25317960, 'IndicatorCode': 'RS_198', 'SpatialDimType': 'COUNTRY', 'SpatialDim': 'GRD', 'TimeDimType': 'YEAR', 'TimeDim': 2014, 'Dim1Type': 'SEX', 'Dim1': 'BTSX', 'Dim2Type': None, 'Dim2': None,...</msg>
<status status="PASS" starttime="20230620 17:01:40.419" endtime="20230620 17:01:40.420"/>
</kw>
<kw name="Append To List" library="Collections">
<arg>${latest_data_by_country}</arg>
<arg>${first_row}</arg>
<doc>Adds ``values`` to the end of ``list``.</doc>
<status status="PASS" starttime="20230620 17:01:40.420" endtime="20230620 17:01:40.421"/>
</kw>
<status status="PASS" starttime="20230620 17:01:40.418" endtime="20230620 17:01:40.421"/>
</iter>
<iter>
<var name="${group}">Table(columns=['Id', 'IndicatorCode', 'SpatialDimType', 'SpatialDim', 'TimeDimType', 'TimeDim', 'Dim1Type', 'Dim1', 'Dim2Type', 'Dim2', 'Dim3Type', 'Dim3', 'DataSourceDimType', 'DataSourceDim', 'Value...</var>
<kw name="Pop Table Row" library="RPA.Tables">
<var>${first_row}</var>
<arg>${group}</arg>
<doc>Remove row from table and return it.</doc>
<msg timestamp="20230620 17:01:40.423" level="INFO">${first_row} = {'Id': 25310762, 'IndicatorCode': 'RS_198', 'SpatialDimType': 'COUNTRY', 'SpatialDim': 'GBR', 'TimeDimType': 'YEAR', 'TimeDim': 2019, 'Dim1Type': 'SEX', 'Dim1': 'BTSX', 'Dim2Type': None, 'Dim2': None,...</msg>
<status status="PASS" starttime="20230620 17:01:40.422" endtime="20230620 17:01:40.424"/>
</kw>
<kw name="Append To List" library="Collections">
<arg>${latest_data_by_country}</arg>
<arg>${first_row}</arg>
<doc>Adds ``values`` to the end of ``list``.</doc>
<status status="PASS" starttime="20230620 17:01:40.424" endtime="20230620 17:01:40.426"/>
</kw>
<status status="PASS" starttime="20230620 17:01:40.422" endtime="20230620 17:01:40.426"/>
</iter>
<iter>
<var name="${group}">Table(columns=['Id', 'IndicatorCode', 'SpatialDimType', 'SpatialDim', 'TimeDimType', 'TimeDim', 'Dim1Type', 'Dim1', 'Dim2Type', 'Dim2', 'Dim3Type', 'Dim3', 'DataSourceDimType', 'DataSourceDim', 'Value...</var>
<kw name="Pop Table Row" library="RPA.Tables">
<var>${first_row}</var>
<arg>${group}</arg>
<doc>Remove row from table and return it.</doc>
<msg timestamp="20230620 17:01:40.427" level="INFO">${first_row} = {'Id': 25308972, 'IndicatorCode': 'RS_198', 'SpatialDimType': 'COUNTRY', 'SpatialDim': 'FSM', 'TimeDimType': 'YEAR', 'TimeDim': 2019, 'Dim1Type': 'SEX', 'Dim1': 'BTSX', 'Dim2Type': None, 'Dim2': None,...</msg>
<status status="PASS" starttime="20230620 17:01:40.427" endtime="20230620 17:01:40.428"/>
</kw>
<kw name="Append To List" library="Collections">
<arg>${latest_data_by_country}</arg>
<arg>${first_row}</arg>
<doc>Adds ``values`` to the end of ``list``.</doc>
<status status="PASS" starttime="20230620 17:01:40.428" endtime="20230620 17:01:40.429"/>
</kw>
<status status="PASS" starttime="20230620 17:01:40.426" endtime="20230620 17:01:40.429"/>
</iter>
<iter>
<var name="${group}">Table(columns=['Id', 'IndicatorCode', 'SpatialDimType', 'SpatialDim', 'TimeDimType', 'TimeDim', 'Dim1Type', 'Dim1', 'Dim2Type', 'Dim2', 'Dim3Type', 'Dim3', 'DataSourceDimType', 'DataSourceDim', 'Value...</var>
<kw name="Pop Table Row" library="RPA.Tables">
<var>${first_row}</var>
<arg>${group}</arg>
<doc>Remove row from table and return it.</doc>
<msg timestamp="20230620 17:01:40.433" level="INFO">${first_row} = {'Id': 25306262, 'IndicatorCode': 'RS_198', 'SpatialDimType': 'COUNTRY', 'SpatialDim': 'FIN', 'TimeDimType': 'YEAR', 'TimeDim': 2019, 'Dim1Type': 'SEX', 'Dim1': 'BTSX', 'Dim2Type': None, 'Dim2': None,...</msg>
<status status="PASS" starttime="20230620 17:01:40.431" endtime="20230620 17:01:40.433"/>
</kw>
<kw name="Append To List" library="Collections">
<arg>${latest_data_by_country}</arg>
<arg>${first_row}</arg>
<doc>Adds ``values`` to the end of ``list``.</doc>
<status status="PASS" starttime="20230620 17:01:40.433" endtime="20230620 17:01:40.434"/>
</kw>
<status status="PASS" starttime="20230620 17:01:40.430" endtime="20230620 17:01:40.434"/>
</iter>
<iter>
<var name="${group}">Table(columns=['Id', 'IndicatorCode', 'SpatialDimType', 'SpatialDim', 'TimeDimType', 'TimeDim', 'Dim1Type', 'Dim1', 'Dim2Type', 'Dim2', 'Dim3Type', 'Dim3', 'DataSourceDimType', 'DataSourceDim', 'Value...</var>
<kw name="Pop Table Row" library="RPA.Tables">
<var>${first_row}</var>
<arg>${group}</arg>
<doc>Remove row from table and return it.</doc>
<msg timestamp="20230620 17:01:40.436" level="INFO">${first_row} = {'Id': 25304500, 'IndicatorCode': 'RS_198', 'SpatialDimType': 'COUNTRY', 'SpatialDim': 'EST', 'TimeDimType': 'YEAR', 'TimeDim': 2019, 'Dim1Type': 'SEX', 'Dim1': 'BTSX', 'Dim2Type': None, 'Dim2': None,...</msg>
<status status="PASS" starttime="20230620 17:01:40.435" endtime="20230620 17:01:40.436"/>
</kw>
<kw name="Append To List" library="Collections">
<arg>${latest_data_by_country}</arg>
<arg>${first_row}</arg>
<doc>Adds ``values`` to the end of ``list``.</doc>
<status status="PASS" starttime="20230620 17:01:40.436" endtime="20230620 17:01:40.437"/>
</kw>
<status status="PASS" starttime="20230620 17:01:40.435" endtime="20230620 17:01:40.437"/>
</iter>
<iter>
<var name="${group}">Table(columns=['Id', 'IndicatorCode', 'SpatialDimType', 'SpatialDim', 'TimeDimType', 'TimeDim', 'Dim1Type', 'Dim1', 'Dim2Type', 'Dim2', 'Dim3Type', 'Dim3', 'DataSourceDimType', 'DataSourceDim', 'Value...</var>
<kw name="Pop Table Row" library="RPA.Tables">
<var>${first_row}</var>
<arg>${group}</arg>
<doc>Remove row from table and return it.</doc>
<msg timestamp="20230620 17:01:40.441" level="INFO">${first_row} = {'Id': 25303612, 'IndicatorCode': 'RS_198', 'SpatialDimType': 'COUNTRY', 'SpatialDim': 'ESP', 'TimeDimType': 'YEAR', 'TimeDim': 2019, 'Dim1Type': 'SEX', 'Dim1': 'BTSX', 'Dim2Type': None, 'Dim2': None,...</msg>
<status status="PASS" starttime="20230620 17:01:40.439" endtime="20230620 17:01:40.441"/>
</kw>
<kw name="Append To List" library="Collections">
<arg>${latest_data_by_country}</arg>
<arg>${first_row}</arg>
<doc>Adds ``values`` to the end of ``list``.</doc>
<status status="PASS" starttime="20230620 17:01:40.442" endtime="20230620 17:01:40.445"/>
</kw>
<status status="PASS" starttime="20230620 17:01:40.438" endtime="20230620 17:01:40.445"/>
</iter>
<iter>
<var name="${group}">Table(columns=['Id', 'IndicatorCode', 'SpatialDimType', 'SpatialDim', 'TimeDimType', 'TimeDim', 'Dim1Type', 'Dim1', 'Dim2Type', 'Dim2', 'Dim3Type', 'Dim3', 'DataSourceDimType', 'DataSourceDim', 'Value...</var>
<kw name="Pop Table Row" library="RPA.Tables">
<var>${first_row}</var>
<arg>${group}</arg>
<doc>Remove row from table and return it.</doc>
<msg timestamp="20230620 17:01:40.449" level="INFO">${first_row} = {'Id': 25298206, 'IndicatorCode': 'RS_198', 'SpatialDimType': 'COUNTRY', 'SpatialDim': 'DNK', 'TimeDimType': 'YEAR', 'TimeDim': 2019, 'Dim1Type': 'SEX', 'Dim1': 'BTSX', 'Dim2Type': None, 'Dim2': None,...</msg>
<status status="PASS" starttime="20230620 17:01:40.447" endtime="20230620 17:01:40.450"/>
</kw>
<kw name="Append To List" library="Collections">
<arg>${latest_data_by_country}</arg>
<arg>${first_row}</arg>
<doc>Adds ``values`` to the end of ``list``.</doc>
<status status="PASS" starttime="20230620 17:01:40.451" endtime="20230620 17:01:40.452"/>
</kw>
<status status="PASS" starttime="20230620 17:01:40.446" endtime="20230620 17:01:40.453"/>
</iter>
<iter>
<var name="${group}">Table(columns=['Id', 'IndicatorCode', 'SpatialDimType', 'SpatialDim', 'TimeDimType', 'TimeDim', 'Dim1Type', 'Dim1', 'Dim2Type', 'Dim2', 'Dim3Type', 'Dim3', 'DataSourceDimType', 'DataSourceDim', 'Value...</var>
<kw name="Pop Table Row" library="RPA.Tables">
<var>${first_row}</var>
<arg>${group}</arg>
<doc>Remove row from table and return it.</doc>
<msg timestamp="20230620 17:01:40.457" level="INFO">${first_row} = {'Id': 25296399, 'IndicatorCode': 'RS_198', 'SpatialDimType': 'COUNTRY', 'SpatialDim': 'DEU', 'TimeDimType': 'YEAR', 'TimeDim': 2019, 'Dim1Type': 'SEX', 'Dim1': 'BTSX', 'Dim2Type': None, 'Dim2': None,...</msg>
<status status="PASS" starttime="20230620 17:01:40.455" endtime="20230620 17:01:40.458"/>
</kw>
<kw name="Append To List" library="Collections">
<arg>${latest_data_by_country}</arg>
<arg>${first_row}</arg>
<doc>Adds ``values`` to the end of ``list``.</doc>
<status status="PASS" starttime="20230620 17:01:40.458" endtime="20230620 17:01:40.460"/>
</kw>
<status status="PASS" starttime="20230620 17:01:40.454" endtime="20230620 17:01:40.460"/>
</iter>
<iter>
<var name="${group}">Table(columns=['Id', 'IndicatorCode', 'SpatialDimType', 'SpatialDim', 'TimeDimType', 'TimeDim', 'Dim1Type', 'Dim1', 'Dim2Type', 'Dim2', 'Dim3Type', 'Dim3', 'DataSourceDimType', 'DataSourceDim', 'Value...</var>
<kw name="Pop Table Row" library="RPA.Tables">
<var>${first_row}</var>
<arg>${group}</arg>
<doc>Remove row from table and return it.</doc>
<msg timestamp="20230620 17:01:40.463" level="INFO">${first_row} = {'Id': 25294595, 'IndicatorCode': 'RS_198', 'SpatialDimType': 'COUNTRY', 'SpatialDim': 'CYP', 'TimeDimType': 'YEAR', 'TimeDim': 2013, 'Dim1Type': 'SEX', 'Dim1': 'BTSX', 'Dim2Type': None, 'Dim2': None,...</msg>
<status status="PASS" starttime="20230620 17:01:40.461" endtime="20230620 17:01:40.463"/>
</kw>
<kw name="Append To List" library="Collections">
<arg>${latest_data_by_country}</arg>
<arg>${first_row}</arg>
<doc>Adds ``values`` to the end of ``list``.</doc>
<status status="PASS" starttime="20230620 17:01:40.464" endtime="20230620 17:01:40.465"/>
</kw>
<status status="PASS" starttime="20230620 17:01:40.461" endtime="20230620 17:01:40.466"/>
</iter>
<iter>
<var name="${group}">Table(columns=['Id', 'IndicatorCode', 'SpatialDimType', 'SpatialDim', 'TimeDimType', 'TimeDim', 'Dim1Type', 'Dim1', 'Dim2Type', 'Dim2', 'Dim3Type', 'Dim3', 'DataSourceDimType', 'DataSourceDim', 'Value...</var>
<kw name="Pop Table Row" library="RPA.Tables">
<var>${first_row}</var>
<arg>${group}</arg>
<doc>Remove row from table and return it.</doc>
<msg timestamp="20230620 17:01:40.468" level="INFO">${first_row} = {'Id': 25283809, 'IndicatorCode': 'RS_198', 'SpatialDimType': 'COUNTRY', 'SpatialDim': 'CHE', 'TimeDimType': 'YEAR', 'TimeDim': 2019, 'Dim1Type': 'SEX', 'Dim1': 'BTSX', 'Dim2Type': None, 'Dim2': None,...</msg>
<status status="PASS" starttime="20230620 17:01:40.467" endtime="20230620 17:01:40.468"/>
</kw>
<kw name="Append To List" library="Collections">
<arg>${latest_data_by_country}</arg>
<arg>${first_row}</arg>
<doc>Adds ``values`` to the end of ``list``.</doc>
<status status="PASS" starttime="20230620 17:01:40.469" endtime="20230620 17:01:40.469"/>
</kw>
<status status="PASS" starttime="20230620 17:01:40.466" endtime="20230620 17:01:40.470"/>
</iter>
<iter>
<var name="${group}">Table(columns=['Id', 'IndicatorCode', 'SpatialDimType', 'SpatialDim', 'TimeDimType', 'TimeDim', 'Dim1Type', 'Dim1', 'Dim2Type', 'Dim2', 'Dim3Type', 'Dim3', 'DataSourceDimType', 'DataSourceDim', 'Value...</var>
<kw name="Pop Table Row" library="RPA.Tables">
<var>${first_row}</var>
<arg>${group}</arg>
<doc>Remove row from table and return it.</doc>
<msg timestamp="20230620 17:01:40.473" level="INFO">${first_row} = {'Id': 25264908, 'IndicatorCode': 'RS_198', 'SpatialDimType': 'COUNTRY', 'SpatialDim': 'AUT', 'TimeDimType': 'YEAR', 'TimeDim': 2019, 'Dim1Type': 'SEX', 'Dim1': 'BTSX', 'Dim2Type': None, 'Dim2': None,...</msg>
<status status="PASS" starttime="20230620 17:01:40.472" endtime="20230620 17:01:40.473"/>
</kw>
<kw name="Append To List" library="Collections">
<arg>${latest_data_by_country}</arg>
<arg>${first_row}</arg>
<doc>Adds ``values`` to the end of ``list``.</doc>
<status status="PASS" starttime="20230620 17:01:40.473" endtime="20230620 17:01:40.474"/>
</kw>
<status status="PASS" starttime="20230620 17:01:40.471" endtime="20230620 17:01:40.474"/>
</iter>
<iter>
<var name="${group}">Table(columns=['Id', 'IndicatorCode', 'SpatialDimType', 'SpatialDim', 'TimeDimType', 'TimeDim', 'Dim1Type', 'Dim1', 'Dim2Type', 'Dim2', 'Dim3Type', 'Dim3', 'DataSourceDimType', 'DataSourceDim', 'Value...</var>
<kw name="Pop Table Row" library="RPA.Tables">
<var>${first_row}</var>
<arg>${group}</arg>
<doc>Remove row from table and return it.</doc>
<msg timestamp="20230620 17:01:40.476" level="INFO">${first_row} = {'Id': 25263981, 'IndicatorCode': 'RS_198', 'SpatialDimType': 'COUNTRY', 'SpatialDim': 'AUS', 'TimeDimType': 'YEAR', 'TimeDim': 2019, 'Dim1Type': 'SEX', 'Dim1': 'BTSX', 'Dim2Type': None, 'Dim2': None,...</msg>
<status status="PASS" starttime="20230620 17:01:40.475" endtime="20230620 17:01:40.476"/>
</kw>
<kw name="Append To List" library="Collections">
<arg>${latest_data_by_country}</arg>
<arg>${first_row}</arg>
<doc>Adds ``values`` to the end of ``list``.</doc>
<status status="PASS" starttime="20230620 17:01:40.477" endtime="20230620 17:01:40.477"/>
</kw>
<status status="PASS" starttime="20230620 17:01:40.475" endtime="20230620 17:01:40.477"/>
</iter>
<iter>
<var name="${group}">Table(columns=['Id', 'IndicatorCode', 'SpatialDimType', 'SpatialDim', 'TimeDimType', 'TimeDim', 'Dim1Type', 'Dim1', 'Dim2Type', 'Dim2', 'Dim3Type', 'Dim3', 'DataSourceDimType', 'DataSourceDim', 'Value...</var>
<kw name="Pop Table Row" library="RPA.Tables">
<var>${first_row}</var>
<arg>${group}</arg>
<doc>Remove row from table and return it.</doc>
<msg timestamp="20230620 17:01:40.479" level="INFO">${first_row} = {'Id': 25263077, 'IndicatorCode': 'RS_198', 'SpatialDimType': 'COUNTRY', 'SpatialDim': 'ATG', 'TimeDimType': 'YEAR', 'TimeDim': 2019, 'Dim1Type': 'SEX', 'Dim1': 'BTSX', 'Dim2Type': None, 'Dim2': None,...</msg>
<status status="PASS" starttime="20230620 17:01:40.478" endtime="20230620 17:01:40.479"/>
</kw>
<kw name="Append To List" library="Collections">
<arg>${latest_data_by_country}</arg>
<arg>${first_row}</arg>
<doc>Adds ``values`` to the end of ``list``.</doc>
<status status="PASS" starttime="20230620 17:01:40.479" endtime="20230620 17:01:40.480"/>
</kw>
<status status="PASS" starttime="20230620 17:01:40.478" endtime="20230620 17:01:40.480"/>
</iter>
<status status="PASS" starttime="20230620 17:01:40.350" endtime="20230620 17:01:40.481"/>
</for>
<return>
<value>${latest_data_by_country}</value>
<status status="PASS" starttime="20230620 17:01:40.481" endtime="20230620 17:01:40.482"/>
</return>
<msg timestamp="20230620 17:01:40.484" level="INFO">${filtered_data} = [{'Id': 25414305, 'IndicatorCode': 'RS_198', 'SpatialDimType': 'COUNTRY', 'SpatialDim': 'VCT', 'TimeDimType': 'YEAR', 'TimeDim': 2011, 'Dim1Type': 'SEX', 'Dim1': 'BTSX', 'Dim2Type': None, 'Dim2': None...</msg>
<status status="PASS" starttime="20230620 17:01:40.231" endtime="20230620 17:01:40.484"/>
</kw>
<kw name="Create work item payloads">
<var>${payloads}</var>
<arg>${filtered_data}</arg>
<kw name="Create List" library="BuiltIn">
<var>${payloads}</var>
<doc>Returns a list containing given items.</doc>
<msg timestamp="20230620 17:01:40.519" level="INFO">${payloads} = []</msg>
<status status="PASS" starttime="20230620 17:01:40.516" endtime="20230620 17:01:40.520"/>
</kw>
<for flavor="IN">
<var>${row}</var>
<value>@{traffic_data}</value>
<iter>
<var name="${row}">{'Id': 25414305, 'IndicatorCode': 'RS_198', 'SpatialDimType': 'COUNTRY', 'SpatialDim': 'VCT', 'TimeDimType': 'YEAR', 'TimeDim': 2011, 'Dim1Type': 'SEX', 'Dim1': 'BTSX', 'Dim2Type': None, 'Dim2': None,...</var>
<kw name="Create Dictionary" library="BuiltIn">
<var>${payload}</var>
<arg>country=${row}[${COUNTRY_KEY}]</arg>
<arg>year=${row}[${YEAR_KEY}]</arg>
<arg>rate=${row}[${RATE_KEY}]</arg>
<doc>Creates and returns a dictionary based on the given ``items``.</doc>
<msg timestamp="20230620 17:01:40.527" level="INFO">${payload} = {'country': 'VCT', 'year': 2011, 'rate': 3.69293}</msg>
<status status="PASS" starttime="20230620 17:01:40.523" endtime="20230620 17:01:40.528"/>
</kw>
<kw name="Append To List" library="Collections">
<arg>${payloads}</arg>
<arg>${payload}</arg>
<doc>Adds ``values`` to the end of ``list``.</doc>
<status status="PASS" starttime="20230620 17:01:40.529" endtime="20230620 17:01:40.530"/>
</kw>
<status status="PASS" starttime="20230620 17:01:40.522" endtime="20230620 17:01:40.530"/>
</iter>
<iter>
<var name="${row}">{'Id': 25396290, 'IndicatorCode': 'RS_198', 'SpatialDimType': 'COUNTRY', 'SpatialDim': 'SWError', 'TimeDimType': 'YEAR', 'TimeDim': 2019, 'Dim1Type': 'SEX', 'Dim1': 'BTSX', 'Dim2Type': None, 'Dim2': N...</var>
<kw name="Create Dictionary" library="BuiltIn">
<var>${payload}</var>
<arg>country=${row}[${COUNTRY_KEY}]</arg>
<arg>year=${row}[${YEAR_KEY}]</arg>
<arg>rate=${row}[${RATE_KEY}]</arg>
<doc>Creates and returns a dictionary based on the given ``items``.</doc>
<msg timestamp="20230620 17:01:40.535" level="INFO">${payload} = {'country': 'SWError', 'year': 2019, 'rate': 3.13947}</msg>
<status status="PASS" starttime="20230620 17:01:40.532" endtime="20230620 17:01:40.536"/>
</kw>
<kw name="Append To List" library="Collections">
<arg>${payloads}</arg>
<arg>${payload}</arg>
<doc>Adds ``values`` to the end of ``list``.</doc>
<status status="PASS" starttime="20230620 17:01:40.536" endtime="20230620 17:01:40.539"/>
</kw>
<status status="PASS" starttime="20230620 17:01:40.531" endtime="20230620 17:01:40.539"/>
</iter>
<iter>
<var name="${row}">{'Id': 25396263, 'IndicatorCode': 'RS_198', 'SpatialDimType': 'COUNTRY', 'SpatialDim': 'SWE', 'TimeDimType': 'YEAR', 'TimeDim': 2018, 'Dim1Type': 'SEX', 'Dim1': 'BTSX', 'Dim2Type': None, 'Dim2': None,...</var>
<kw name="Create Dictionary" library="BuiltIn">
<var>${payload}</var>
<arg>country=${row}[${COUNTRY_KEY}]</arg>
<arg>year=${row}[${YEAR_KEY}]</arg>
<arg>rate=${row}[${RATE_KEY}]</arg>
<doc>Creates and returns a dictionary based on the given ``items``.</doc>
<msg timestamp="20230620 17:01:40.550" level="INFO">${payload} = {'country': 'SWE', 'year': 2018, 'rate': 3.61718}</msg>
<status status="PASS" starttime="20230620 17:01:40.544" endtime="20230620 17:01:40.550"/>
</kw>
<kw name="Append To List" library="Collections">
<arg>${payloads}</arg>
<arg>${payload}</arg>
<doc>Adds ``values`` to the end of ``list``.</doc>
<status status="PASS" starttime="20230620 17:01:40.551" endtime="20230620 17:01:40.553"/>
</kw>
<status status="PASS" starttime="20230620 17:01:40.540" endtime="20230620 17:01:40.554"/>
</iter>
<iter>
<var name="${row}">{'Id': 25395399, 'IndicatorCode': 'RS_198', 'SpatialDimType': 'COUNTRY', 'SpatialDim': 'SVN', 'TimeDimType': 'YEAR', 'TimeDim': 2018, 'Dim1Type': 'SEX', 'Dim1': 'BTSX', 'Dim2Type': None, 'Dim2': None,...</var>
<kw name="Create Dictionary" library="BuiltIn">
<var>${payload}</var>
<arg>country=${row}[${COUNTRY_KEY}]</arg>
<arg>year=${row}[${YEAR_KEY}]</arg>
<arg>rate=${row}[${RATE_KEY}]</arg>
<doc>Creates and returns a dictionary based on the given ``items``.</doc>
<msg timestamp="20230620 17:01:40.561" level="INFO">${payload} = {'country': 'SVN', 'year': 2018, 'rate': 4.52394}</msg>
<status status="PASS" starttime="20230620 17:01:40.557" endtime="20230620 17:01:40.561"/>
</kw>
<kw name="Append To List" library="Collections">
<arg>${payloads}</arg>
<arg>${payload}</arg>
<doc>Adds ``values`` to the end of ``list``.</doc>
<status status="PASS" starttime="20230620 17:01:40.562" endtime="20230620 17:01:40.564"/>
</kw>
<status status="PASS" starttime="20230620 17:01:40.555" endtime="20230620 17:01:40.565"/>
</iter>
<iter>
<var name="${row}">{'Id': 25386375, 'IndicatorCode': 'RS_198', 'SpatialDimType': 'COUNTRY', 'SpatialDim': 'SGP', 'TimeDimType': 'YEAR', 'TimeDim': 2019, 'Dim1Type': 'SEX', 'Dim1': 'BTSX', 'Dim2Type': None, 'Dim2': None,...</var>
<kw name="Create Dictionary" library="BuiltIn">
<var>${payload}</var>
<arg>country=${row}[${COUNTRY_KEY}]</arg>
<arg>year=${row}[${YEAR_KEY}]</arg>
<arg>rate=${row}[${RATE_KEY}]</arg>
<doc>Creates and returns a dictionary based on the given ``items``.</doc>
<msg timestamp="20230620 17:01:40.571" level="INFO">${payload} = {'country': 'SGP', 'year': 2019, 'rate': 2.08609}</msg>
<status status="PASS" starttime="20230620 17:01:40.567" endtime="20230620 17:01:40.572"/>
</kw>
<kw name="Append To List" library="Collections">
<arg>${payloads}</arg>
<arg>${payload}</arg>
<doc>Adds ``values`` to the end of ``list``.</doc>
<status status="PASS" starttime="20230620 17:01:40.572" endtime="20230620 17:01:40.574"/>
</kw>
<status status="PASS" starttime="20230620 17:01:40.566" endtime="20230620 17:01:40.574"/>
</iter>
<iter>
<var name="${row}">{'Id': 25368358, 'IndicatorCode': 'RS_198', 'SpatialDimType': 'COUNTRY', 'SpatialDim': 'NOR', 'TimeDimType': 'YEAR', 'TimeDim': 2019, 'Dim1Type': 'SEX', 'Dim1': 'BTSX', 'Dim2Type': None, 'Dim2': None,...</var>
<kw name="Create Dictionary" library="BuiltIn">
<var>${payload}</var>
<arg>country=${row}[${COUNTRY_KEY}]</arg>
<arg>year=${row}[${YEAR_KEY}]</arg>
<arg>rate=${row}[${RATE_KEY}]</arg>
<doc>Creates and returns a dictionary based on the given ``items``.</doc>
<msg timestamp="20230620 17:01:40.584" level="INFO">${payload} = {'country': 'NOR', 'year': 2019, 'rate': 2.12302}</msg>
<status status="PASS" starttime="20230620 17:01:40.576" endtime="20230620 17:01:40.584"/>
</kw>
<kw name="Append To List" library="Collections">
<arg>${payloads}</arg>
<arg>${payload}</arg>
<doc>Adds ``values`` to the end of ``list``.</doc>
<status status="PASS" starttime="20230620 17:01:40.585" endtime="20230620 17:01:40.587"/>
</kw>
<status status="PASS" starttime="20230620 17:01:40.575" endtime="20230620 17:01:40.587"/>
</iter>
<iter>
<var name="${row}">{'Id': 25367485, 'IndicatorCode': 'RS_198', 'SpatialDimType': 'COUNTRY', 'SpatialDim': 'NLD', 'TimeDimType': 'YEAR', 'TimeDim': 2019, 'Dim1Type': 'SEX', 'Dim1': 'BTSX', 'Dim2Type': None, 'Dim2': None,...</var>
<kw name="Create Dictionary" library="BuiltIn">
<var>${payload}</var>
<arg>country=${row}[${COUNTRY_KEY}]</arg>
<arg>year=${row}[${YEAR_KEY}]</arg>
<arg>rate=${row}[${RATE_KEY}]</arg>
<doc>Creates and returns a dictionary based on the given ``items``.</doc>
<msg timestamp="20230620 17:01:40.593" level="INFO">${payload} = {'country': 'NLD', 'year': 2019, 'rate': 3.98313}</msg>
<status status="PASS" starttime="20230620 17:01:40.589" endtime="20230620 17:01:40.594"/>
</kw>
<kw name="Append To List" library="Collections">
<arg>${payloads}</arg>
<arg>${payload}</arg>
<doc>Adds ``values`` to the end of ``list``.</doc>
<status status="PASS" starttime="20230620 17:01:40.595" endtime="20230620 17:01:40.597"/>
</kw>
<status status="PASS" starttime="20230620 17:01:40.588" endtime="20230620 17:01:40.598"/>
</iter>
<iter>
<var name="${row}">{'Id': 25355795, 'IndicatorCode': 'RS_198', 'SpatialDimType': 'COUNTRY', 'SpatialDim': 'MLT', 'TimeDimType': 'YEAR', 'TimeDim': 2019, 'Dim1Type': 'SEX', 'Dim1': 'BTSX', 'Dim2Type': None, 'Dim2': None,...</var>
<kw name="Create Dictionary" library="BuiltIn">
<var>${payload}</var>
<arg>country=${row}[${COUNTRY_KEY}]</arg>
<arg>year=${row}[${YEAR_KEY}]</arg>
<arg>rate=${row}[${RATE_KEY}]</arg>
<doc>Creates and returns a dictionary based on the given ``items``.</doc>
<msg timestamp="20230620 17:01:40.604" level="INFO">${payload} = {'country': 'MLT', 'year': 2019, 'rate': 4.10715}</msg>
<status status="PASS" starttime="20230620 17:01:40.599" endtime="20230620 17:01:40.605"/>
</kw>
<kw name="Append To List" library="Collections">
<arg>${payloads}</arg>
<arg>${payload}</arg>
<doc>Adds ``values`` to the end of ``list``.</doc>
<status status="PASS" starttime="20230620 17:01:40.606" endtime="20230620 17:01:40.607"/>
</kw>
<status status="PASS" starttime="20230620 17:01:40.598" endtime="20230620 17:01:40.608"/>
</iter>
<iter>
<var name="${row}">{'Id': 25352172, 'IndicatorCode': 'RS_198', 'SpatialDimType': 'COUNTRY', 'SpatialDim': 'MDV', 'TimeDimType': 'YEAR', 'TimeDim': 2019, 'Dim1Type': 'SEX', 'Dim1': 'BTSX', 'Dim2Type': None, 'Dim2': None,...</var>
<kw name="Create Dictionary" library="BuiltIn">
<var>${payload}</var>
<arg>country=${row}[${COUNTRY_KEY}]</arg>
<arg>year=${row}[${YEAR_KEY}]</arg>
<arg>rate=${row}[${RATE_KEY}]</arg>
<doc>Creates and returns a dictionary based on the given ``items``.</doc>
<msg timestamp="20230620 17:01:40.614" level="INFO">${payload} = {'country': 'MDV', 'year': 2019, 'rate': 1.6277}</msg>
<status status="PASS" starttime="20230620 17:01:40.610" endtime="20230620 17:01:40.615"/>
</kw>
<kw name="Append To List" library="Collections">
<arg>${payloads}</arg>
<arg>${payload}</arg>
<doc>Adds ``values`` to the end of ``list``.</doc>
<status status="PASS" starttime="20230620 17:01:40.616" endtime="20230620 17:01:40.617"/>
</kw>
<status status="PASS" starttime="20230620 17:01:40.609" endtime="20230620 17:01:40.618"/>
</iter>
<iter>
<var name="${row}">{'Id': 25347667, 'IndicatorCode': 'RS_198', 'SpatialDimType': 'COUNTRY', 'SpatialDim': 'LUX', 'TimeDimType': 'YEAR', 'TimeDim': 2019, 'Dim1Type': 'SEX', 'Dim1': 'BTSX', 'Dim2Type': None, 'Dim2': None,...</var>
<kw name="Create Dictionary" library="BuiltIn">
<var>${payload}</var>
<arg>country=${row}[${COUNTRY_KEY}]</arg>
<arg>year=${row}[${YEAR_KEY}]</arg>
<arg>rate=${row}[${RATE_KEY}]</arg>
<doc>Creates and returns a dictionary based on the given ``items``.</doc>
<msg timestamp="20230620 17:01:40.623" level="INFO">${payload} = {'country': 'LUX', 'year': 2019, 'rate': 4.07499}</msg>
<status status="PASS" starttime="20230620 17:01:40.620" endtime="20230620 17:01:40.623"/>
</kw>
<kw name="Append To List" library="Collections">
<arg>${payloads}</arg>
<arg>${payload}</arg>
<doc>Adds ``values`` to the end of ``list``.</doc>
<status status="PASS" starttime="20230620 17:01:40.624" endtime="20230620 17:01:40.626"/>
</kw>
<status status="PASS" starttime="20230620 17:01:40.619" endtime="20230620 17:01:40.626"/>
</iter>
<iter>
<var name="${row}">{'Id': 25344109, 'IndicatorCode': 'RS_198', 'SpatialDimType': 'COUNTRY', 'SpatialDim': 'LCA', 'TimeDimType': 'YEAR', 'TimeDim': 2008, 'Dim1Type': 'SEX', 'Dim1': 'BTSX', 'Dim2Type': None, 'Dim2': None,...</var>
<kw name="Create Dictionary" library="BuiltIn">
<var>${payload}</var>
<arg>country=${row}[${COUNTRY_KEY}]</arg>
<arg>year=${row}[${YEAR_KEY}]</arg>
<arg>rate=${row}[${RATE_KEY}]</arg>
<doc>Creates and returns a dictionary based on the given ``items``.</doc>
<msg timestamp="20230620 17:01:40.631" level="INFO">${payload} = {'country': 'LCA', 'year': 2008, 'rate': 3.52918}</msg>
<status status="PASS" starttime="20230620 17:01:40.628" endtime="20230620 17:01:40.632"/>
</kw>
<kw name="Append To List" library="Collections">
<arg>${payloads}</arg>
<arg>${payload}</arg>
<doc>Adds ``values`` to the end of ``list``.</doc>
<status status="PASS" starttime="20230620 17:01:40.633" endtime="20230620 17:01:40.634"/>
</kw>
<status status="PASS" starttime="20230620 17:01:40.627" endtime="20230620 17:01:40.635"/>
</iter>
<iter>
<var name="${row}">{'Id': 25337776, 'IndicatorCode': 'RS_198', 'SpatialDimType': 'COUNTRY', 'SpatialDim': 'KIR', 'TimeDimType': 'YEAR', 'TimeDim': 2019, 'Dim1Type': 'SEX', 'Dim1': 'BTSX', 'Dim2Type': None, 'Dim2': None,...</var>
<kw name="Create Dictionary" library="BuiltIn">
<var>${payload}</var>
<arg>country=${row}[${COUNTRY_KEY}]</arg>
<arg>year=${row}[${YEAR_KEY}]</arg>
<arg>rate=${row}[${RATE_KEY}]</arg>
<doc>Creates and returns a dictionary based on the given ``items``.</doc>
<msg timestamp="20230620 17:01:40.641" level="INFO">${payload} = {'country': 'KIR', 'year': 2019, 'rate': 1.92481}</msg>
<status status="PASS" starttime="20230620 17:01:40.637" endtime="20230620 17:01:40.641"/>
</kw>
<kw name="Append To List" library="Collections">
<arg>${payloads}</arg>
<arg>${payload}</arg>
<doc>Adds ``values`` to the end of ``list``.</doc>
<status status="PASS" starttime="20230620 17:01:40.642" endtime="20230620 17:01:40.644"/>
</kw>
<status status="PASS" starttime="20230620 17:01:40.636" endtime="20230620 17:01:40.651"/>
</iter>
<iter>
<var name="${row}">{'Id': 25333279, 'IndicatorCode': 'RS_198', 'SpatialDimType': 'COUNTRY', 'SpatialDim': 'JPN', 'TimeDimType': 'YEAR', 'TimeDim': 2019, 'Dim1Type': 'SEX', 'Dim1': 'BTSX', 'Dim2Type': None, 'Dim2': None,...</var>
<kw name="Create Dictionary" library="BuiltIn">
<var>${payload}</var>
<arg>country=${row}[${COUNTRY_KEY}]</arg>
<arg>year=${row}[${YEAR_KEY}]</arg>
<arg>rate=${row}[${RATE_KEY}]</arg>
<doc>Creates and returns a dictionary based on the given ``items``.</doc>
<msg timestamp="20230620 17:01:40.664" level="INFO">${payload} = {'country': 'JPN', 'year': 2019, 'rate': 3.59908}</msg>
<status status="PASS" starttime="20230620 17:01:40.654" endtime="20230620 17:01:40.665"/>
</kw>
<kw name="Append To List" library="Collections">
<arg>${payloads}</arg>
<arg>${payload}</arg>
<doc>Adds ``values`` to the end of ``list``.</doc>
<status status="PASS" starttime="20230620 17:01:40.666" endtime="20230620 17:01:40.667"/>
</kw>
<status status="PASS" starttime="20230620 17:01:40.653" endtime="20230620 17:01:40.668"/>
</iter>
<iter>
<var name="${row}">{'Id': 25329697, 'IndicatorCode': 'RS_198', 'SpatialDimType': 'COUNTRY', 'SpatialDim': 'ISR', 'TimeDimType': 'YEAR', 'TimeDim': 2019, 'Dim1Type': 'SEX', 'Dim1': 'BTSX', 'Dim2Type': None, 'Dim2': None,...</var>
<kw name="Create Dictionary" library="BuiltIn">
<var>${payload}</var>
<arg>country=${row}[${COUNTRY_KEY}]</arg>
<arg>year=${row}[${YEAR_KEY}]</arg>
<arg>rate=${row}[${RATE_KEY}]</arg>
<doc>Creates and returns a dictionary based on the given ``items``.</doc>
<msg timestamp="20230620 17:01:40.681" level="INFO">${payload} = {'country': 'ISR', 'year': 2019, 'rate': 3.90874}</msg>
<status status="PASS" starttime="20230620 17:01:40.675" endtime="20230620 17:01:40.681"/>
</kw>
<kw name="Append To List" library="Collections">
<arg>${payloads}</arg>
<arg>${payload}</arg>
<doc>Adds ``values`` to the end of ``list``.</doc>
<status status="PASS" starttime="20230620 17:01:40.682" endtime="20230620 17:01:40.684"/>
</kw>
<status status="PASS" starttime="20230620 17:01:40.669" endtime="20230620 17:01:40.684"/>
</iter>
<iter>
<var name="${row}">{'Id': 25328814, 'IndicatorCode': 'RS_198', 'SpatialDimType': 'COUNTRY', 'SpatialDim': 'ISL', 'TimeDimType': 'YEAR', 'TimeDim': 2019, 'Dim1Type': 'SEX', 'Dim1': 'BTSX', 'Dim2Type': None, 'Dim2': None,...</var>
<kw name="Create Dictionary" library="BuiltIn">
<var>${payload}</var>
<arg>country=${row}[${COUNTRY_KEY}]</arg>
<arg>year=${row}[${YEAR_KEY}]</arg>
<arg>rate=${row}[${RATE_KEY}]</arg>
<doc>Creates and returns a dictionary based on the given ``items``.</doc>
<msg timestamp="20230620 17:01:40.691" level="INFO">${payload} = {'country': 'ISL', 'year': 2019, 'rate': 2.04915}</msg>
<status status="PASS" starttime="20230620 17:01:40.687" endtime="20230620 17:01:40.692"/>
</kw>
<kw name="Append To List" library="Collections">
<arg>${payloads}</arg>
<arg>${payload}</arg>
<doc>Adds ``values`` to the end of ``list``.</doc>
<status status="PASS" starttime="20230620 17:01:40.693" endtime="20230620 17:01:40.695"/>
</kw>
<status status="PASS" starttime="20230620 17:01:40.685" endtime="20230620 17:01:40.696"/>
</iter>
<iter>
<var name="${row}">{'Id': 25326084, 'IndicatorCode': 'RS_198', 'SpatialDimType': 'COUNTRY', 'SpatialDim': 'IRL', 'TimeDimType': 'YEAR', 'TimeDim': 2019, 'Dim1Type': 'SEX', 'Dim1': 'BTSX', 'Dim2Type': None, 'Dim2': None,...</var>
<kw name="Create Dictionary" library="BuiltIn">
<var>${payload}</var>
<arg>country=${row}[${COUNTRY_KEY}]</arg>
<arg>year=${row}[${YEAR_KEY}]</arg>
<arg>rate=${row}[${RATE_KEY}]</arg>
<doc>Creates and returns a dictionary based on the given ``items``.</doc>
<msg timestamp="20230620 17:01:40.708" level="INFO">${payload} = {'country': 'IRL', 'year': 2019, 'rate': 3.13364}</msg>
<status status="PASS" starttime="20230620 17:01:40.699" endtime="20230620 17:01:40.709"/>
</kw>
<kw name="Append To List" library="Collections">
<arg>${payloads}</arg>
<arg>${payload}</arg>
<doc>Adds ``values`` to the end of ``list``.</doc>
<status status="PASS" starttime="20230620 17:01:40.710" endtime="20230620 17:01:40.711"/>
</kw>
<status status="PASS" starttime="20230620 17:01:40.697" endtime="20230620 17:01:40.712"/>
</iter>
<iter>
<var name="${row}">{'Id': 25318901, 'IndicatorCode': 'RS_198', 'SpatialDimType': 'COUNTRY', 'SpatialDim': 'GTM', 'TimeDimType': 'YEAR', 'TimeDim': 2006, 'Dim1Type': 'SEX', 'Dim1': 'BTSX', 'Dim2Type': None, 'Dim2': None,...</var>
<kw name="Create Dictionary" library="BuiltIn">
<var>${payload}</var>
<arg>country=${row}[${COUNTRY_KEY}]</arg>
<arg>year=${row}[${YEAR_KEY}]</arg>
<arg>rate=${row}[${RATE_KEY}]</arg>
<doc>Creates and returns a dictionary based on the given ``items``.</doc>
<msg timestamp="20230620 17:01:40.718" level="INFO">${payload} = {'country': 'GTM', 'year': 2006, 'rate': 4.61297}</msg>
<status status="PASS" starttime="20230620 17:01:40.714" endtime="20230620 17:01:40.719"/>
</kw>
<kw name="Append To List" library="Collections">
<arg>${payloads}</arg>
<arg>${payload}</arg>
<doc>Adds ``values`` to the end of ``list``.</doc>
<status status="PASS" starttime="20230620 17:01:40.720" endtime="20230620 17:01:40.721"/>
</kw>
<status status="PASS" starttime="20230620 17:01:40.713" endtime="20230620 17:01:40.722"/>
</iter>
<iter>
<var name="${row}">{'Id': 25317960, 'IndicatorCode': 'RS_198', 'SpatialDimType': 'COUNTRY', 'SpatialDim': 'GRD', 'TimeDimType': 'YEAR', 'TimeDim': 2014, 'Dim1Type': 'SEX', 'Dim1': 'BTSX', 'Dim2Type': None, 'Dim2': None,...</var>
<kw name="Create Dictionary" library="BuiltIn">
<var>${payload}</var>
<arg>country=${row}[${COUNTRY_KEY}]</arg>
<arg>year=${row}[${YEAR_KEY}]</arg>
<arg>rate=${row}[${RATE_KEY}]</arg>
<doc>Creates and returns a dictionary based on the given ``items``.</doc>
<msg timestamp="20230620 17:01:40.728" level="INFO">${payload} = {'country': 'GRD', 'year': 2014, 'rate': 4.59137}</msg>
<status status="PASS" starttime="20230620 17:01:40.724" endtime="20230620 17:01:40.729"/>
</kw>
<kw name="Append To List" library="Collections">
<arg>${payloads}</arg>
<arg>${payload}</arg>
<doc>Adds ``values`` to the end of ``list``.</doc>
<status status="PASS" starttime="20230620 17:01:40.729" endtime="20230620 17:01:40.733"/>
</kw>
<status status="PASS" starttime="20230620 17:01:40.723" endtime="20230620 17:01:40.733"/>
</iter>
<iter>
<var name="${row}">{'Id': 25310762, 'IndicatorCode': 'RS_198', 'SpatialDimType': 'COUNTRY', 'SpatialDim': 'GBR', 'TimeDimType': 'YEAR', 'TimeDim': 2019, 'Dim1Type': 'SEX', 'Dim1': 'BTSX', 'Dim2Type': None, 'Dim2': None,...</var>
<kw name="Create Dictionary" library="BuiltIn">
<var>${payload}</var>
<arg>country=${row}[${COUNTRY_KEY}]</arg>
<arg>year=${row}[${YEAR_KEY}]</arg>
<arg>rate=${row}[${RATE_KEY}]</arg>
<doc>Creates and returns a dictionary based on the given ``items``.</doc>
<msg timestamp="20230620 17:01:40.743" level="INFO">${payload} = {'country': 'GBR', 'year': 2019, 'rate': 3.21187}</msg>
<status status="PASS" starttime="20230620 17:01:40.738" endtime="20230620 17:01:40.744"/>
</kw>
<kw name="Append To List" library="Collections">
<arg>${payloads}</arg>
<arg>${payload}</arg>
<doc>Adds ``values`` to the end of ``list``.</doc>
<status status="PASS" starttime="20230620 17:01:40.745" endtime="20230620 17:01:40.746"/>
</kw>
<status status="PASS" starttime="20230620 17:01:40.735" endtime="20230620 17:01:40.747"/>
</iter>
<iter>
<var name="${row}">{'Id': 25308972, 'IndicatorCode': 'RS_198', 'SpatialDimType': 'COUNTRY', 'SpatialDim': 'FSM', 'TimeDimType': 'YEAR', 'TimeDim': 2019, 'Dim1Type': 'SEX', 'Dim1': 'BTSX', 'Dim2Type': None, 'Dim2': None,...</var>
<kw name="Create Dictionary" library="BuiltIn">
<var>${payload}</var>
<arg>country=${row}[${COUNTRY_KEY}]</arg>
<arg>year=${row}[${YEAR_KEY}]</arg>
<arg>rate=${row}[${RATE_KEY}]</arg>
<doc>Creates and returns a dictionary based on the given ``items``.</doc>
<msg timestamp="20230620 17:01:40.753" level="INFO">${payload} = {'country': 'FSM', 'year': 2019, 'rate': 0.15972}</msg>
<status status="PASS" starttime="20230620 17:01:40.749" endtime="20230620 17:01:40.754"/>
</kw>
<kw name="Append To List" library="Collections">
<arg>${payloads}</arg>
<arg>${payload}</arg>
<doc>Adds ``values`` to the end of ``list``.</doc>
<status status="PASS" starttime="20230620 17:01:40.755" endtime="20230620 17:01:40.757"/>
</kw>
<status status="PASS" starttime="20230620 17:01:40.748" endtime="20230620 17:01:40.757"/>
</iter>
<iter>
<var name="${row}">{'Id': 25306262, 'IndicatorCode': 'RS_198', 'SpatialDimType': 'COUNTRY', 'SpatialDim': 'FIN', 'TimeDimType': 'YEAR', 'TimeDim': 2019, 'Dim1Type': 'SEX', 'Dim1': 'BTSX', 'Dim2Type': None, 'Dim2': None,...</var>
<kw name="Create Dictionary" library="BuiltIn">
<var>${payload}</var>
<arg>country=${row}[${COUNTRY_KEY}]</arg>
<arg>year=${row}[${YEAR_KEY}]</arg>
<arg>rate=${row}[${RATE_KEY}]</arg>
<doc>Creates and returns a dictionary based on the given ``items``.</doc>
<msg timestamp="20230620 17:01:40.763" level="INFO">${payload} = {'country': 'FIN', 'year': 2019, 'rate': 3.88637}</msg>
<status status="PASS" starttime="20230620 17:01:40.759" endtime="20230620 17:01:40.763"/>
</kw>
<kw name="Append To List" library="Collections">
<arg>${payloads}</arg>
<arg>${payload}</arg>
<doc>Adds ``values`` to the end of ``list``.</doc>
<status status="PASS" starttime="20230620 17:01:40.764" endtime="20230620 17:01:40.766"/>
</kw>
<status status="PASS" starttime="20230620 17:01:40.758" endtime="20230620 17:01:40.767"/>
</iter>
<iter>
<var name="${row}">{'Id': 25304500, 'IndicatorCode': 'RS_198', 'SpatialDimType': 'COUNTRY', 'SpatialDim': 'EST', 'TimeDimType': 'YEAR', 'TimeDim': 2019, 'Dim1Type': 'SEX', 'Dim1': 'BTSX', 'Dim2Type': None, 'Dim2': None,...</var>
<kw name="Create Dictionary" library="BuiltIn">
<var>${payload}</var>
<arg>country=${row}[${COUNTRY_KEY}]</arg>
<arg>year=${row}[${YEAR_KEY}]</arg>
<arg>rate=${row}[${RATE_KEY}]</arg>
<doc>Creates and returns a dictionary based on the given ``items``.</doc>
<msg timestamp="20230620 17:01:40.776" level="INFO">${payload} = {'country': 'EST', 'year': 2019, 'rate': 4.46408}</msg>
<status status="PASS" starttime="20230620 17:01:40.772" endtime="20230620 17:01:40.777"/>
</kw>
<kw name="Append To List" library="Collections">
<arg>${payloads}</arg>
<arg>${payload}</arg>
<doc>Adds ``values`` to the end of ``list``.</doc>
<status status="PASS" starttime="20230620 17:01:40.778" endtime="20230620 17:01:40.780"/>
</kw>
<status status="PASS" starttime="20230620 17:01:40.769" endtime="20230620 17:01:40.781"/>
</iter>
<iter>
<var name="${row}">{'Id': 25303612, 'IndicatorCode': 'RS_198', 'SpatialDimType': 'COUNTRY', 'SpatialDim': 'ESP', 'TimeDimType': 'YEAR', 'TimeDim': 2019, 'Dim1Type': 'SEX', 'Dim1': 'BTSX', 'Dim2Type': None, 'Dim2': None,...</var>
<kw name="Create Dictionary" library="BuiltIn">
<var>${payload}</var>
<arg>country=${row}[${COUNTRY_KEY}]</arg>
<arg>year=${row}[${YEAR_KEY}]</arg>
<arg>rate=${row}[${RATE_KEY}]</arg>
<doc>Creates and returns a dictionary based on the given ``items``.</doc>
<msg timestamp="20230620 17:01:40.788" level="INFO">${payload} = {'country': 'ESP', 'year': 2019, 'rate': 3.91405}</msg>
<status status="PASS" starttime="20230620 17:01:40.783" endtime="20230620 17:01:40.788"/>
</kw>
<kw name="Append To List" library="Collections">
<arg>${payloads}</arg>
<arg>${payload}</arg>
<doc>Adds ``values`` to the end of ``list``.</doc>
<status status="PASS" starttime="20230620 17:01:40.789" endtime="20230620 17:01:40.790"/>
</kw>
<status status="PASS" starttime="20230620 17:01:40.781" endtime="20230620 17:01:40.791"/>
</iter>
<iter>
<var name="${row}">{'Id': 25298206, 'IndicatorCode': 'RS_198', 'SpatialDimType': 'COUNTRY', 'SpatialDim': 'DNK', 'TimeDimType': 'YEAR', 'TimeDim': 2019, 'Dim1Type': 'SEX', 'Dim1': 'BTSX', 'Dim2Type': None, 'Dim2': None,...</var>
<kw name="Create Dictionary" library="BuiltIn">
<var>${payload}</var>
<arg>country=${row}[${COUNTRY_KEY}]</arg>
<arg>year=${row}[${YEAR_KEY}]</arg>
<arg>rate=${row}[${RATE_KEY}]</arg>
<doc>Creates and returns a dictionary based on the given ``items``.</doc>
<msg timestamp="20230620 17:01:40.796" level="INFO">${payload} = {'country': 'DNK', 'year': 2019, 'rate': 3.69833}</msg>
<status status="PASS" starttime="20230620 17:01:40.793" endtime="20230620 17:01:40.796"/>
</kw>
<kw name="Append To List" library="Collections">
<arg>${payloads}</arg>
<arg>${payload}</arg>
<doc>Adds ``values`` to the end of ``list``.</doc>
<status status="PASS" starttime="20230620 17:01:40.797" endtime="20230620 17:01:40.799"/>
</kw>
<status status="PASS" starttime="20230620 17:01:40.792" endtime="20230620 17:01:40.799"/>
</iter>
<iter>
<var name="${row}">{'Id': 25296399, 'IndicatorCode': 'RS_198', 'SpatialDimType': 'COUNTRY', 'SpatialDim': 'DEU', 'TimeDimType': 'YEAR', 'TimeDim': 2019, 'Dim1Type': 'SEX', 'Dim1': 'BTSX', 'Dim2Type': None, 'Dim2': None,...</var>
<kw name="Create Dictionary" library="BuiltIn">
<var>${payload}</var>
<arg>country=${row}[${COUNTRY_KEY}]</arg>
<arg>year=${row}[${YEAR_KEY}]</arg>
<arg>rate=${row}[${RATE_KEY}]</arg>
<doc>Creates and returns a dictionary based on the given ``items``.</doc>
<msg timestamp="20230620 17:01:40.834" level="INFO">${payload} = {'country': 'DEU', 'year': 2019, 'rate': 3.78353}</msg>
<status status="PASS" starttime="20230620 17:01:40.830" endtime="20230620 17:01:40.834"/>
</kw>
<kw name="Append To List" library="Collections">
<arg>${payloads}</arg>
<arg>${payload}</arg>
<doc>Adds ``values`` to the end of ``list``.</doc>
<status status="PASS" starttime="20230620 17:01:40.835" endtime="20230620 17:01:40.836"/>
</kw>
<status status="PASS" starttime="20230620 17:01:40.816" endtime="20230620 17:01:40.836"/>
</iter>
<iter>
<var name="${row}">{'Id': 25294595, 'IndicatorCode': 'RS_198', 'SpatialDimType': 'COUNTRY', 'SpatialDim': 'CYP', 'TimeDimType': 'YEAR', 'TimeDim': 2013, 'Dim1Type': 'SEX', 'Dim1': 'BTSX', 'Dim2Type': None, 'Dim2': None,...</var>
<kw name="Create Dictionary" library="BuiltIn">
<var>${payload}</var>
<arg>country=${row}[${COUNTRY_KEY}]</arg>
<arg>year=${row}[${YEAR_KEY}]</arg>
<arg>rate=${row}[${RATE_KEY}]</arg>
<doc>Creates and returns a dictionary based on the given ``items``.</doc>
<msg timestamp="20230620 17:01:40.841" level="INFO">${payload} = {'country': 'CYP', 'year': 2013, 'rate': 4.9831}</msg>
<status status="PASS" starttime="20230620 17:01:40.838" endtime="20230620 17:01:40.842"/>
</kw>
<kw name="Append To List" library="Collections">
<arg>${payloads}</arg>
<arg>${payload}</arg>
<doc>Adds ``values`` to the end of ``list``.</doc>
<status status="PASS" starttime="20230620 17:01:40.842" endtime="20230620 17:01:40.844"/>
</kw>
<status status="PASS" starttime="20230620 17:01:40.837" endtime="20230620 17:01:40.845"/>
</iter>
<iter>
<var name="${row}">{'Id': 25283809, 'IndicatorCode': 'RS_198', 'SpatialDimType': 'COUNTRY', 'SpatialDim': 'CHE', 'TimeDimType': 'YEAR', 'TimeDim': 2019, 'Dim1Type': 'SEX', 'Dim1': 'BTSX', 'Dim2Type': None, 'Dim2': None,...</var>
<kw name="Create Dictionary" library="BuiltIn">
<var>${payload}</var>
<arg>country=${row}[${COUNTRY_KEY}]</arg>
<arg>year=${row}[${YEAR_KEY}]</arg>
<arg>rate=${row}[${RATE_KEY}]</arg>
<doc>Creates and returns a dictionary based on the given ``items``.</doc>
<msg timestamp="20230620 17:01:40.851" level="INFO">${payload} = {'country': 'CHE', 'year': 2019, 'rate': 2.24644}</msg>
<status status="PASS" starttime="20230620 17:01:40.847" endtime="20230620 17:01:40.851"/>
</kw>
<kw name="Append To List" library="Collections">
<arg>${payloads}</arg>
<arg>${payload}</arg>
<doc>Adds ``values`` to the end of ``list``.</doc>
<status status="PASS" starttime="20230620 17:01:40.852" endtime="20230620 17:01:40.853"/>
</kw>
<status status="PASS" starttime="20230620 17:01:40.845" endtime="20230620 17:01:40.854"/>
</iter>
<iter>
<var name="${row}">{'Id': 25264908, 'IndicatorCode': 'RS_198', 'SpatialDimType': 'COUNTRY', 'SpatialDim': 'AUT', 'TimeDimType': 'YEAR', 'TimeDim': 2019, 'Dim1Type': 'SEX', 'Dim1': 'BTSX', 'Dim2Type': None, 'Dim2': None,...</var>
<kw name="Create Dictionary" library="BuiltIn">
<var>${payload}</var>
<arg>country=${row}[${COUNTRY_KEY}]</arg>
<arg>year=${row}[${YEAR_KEY}]</arg>
<arg>rate=${row}[${RATE_KEY}]</arg>
<doc>Creates and returns a dictionary based on the given ``items``.</doc>
<msg timestamp="20230620 17:01:40.859" level="INFO">${payload} = {'country': 'AUT', 'year': 2019, 'rate': 4.86592}</msg>
<status status="PASS" starttime="20230620 17:01:40.856" endtime="20230620 17:01:40.860"/>
</kw>
<kw name="Append To List" library="Collections">
<arg>${payloads}</arg>
<arg>${payload}</arg>
<doc>Adds ``values`` to the end of ``list``.</doc>
<status status="PASS" starttime="20230620 17:01:40.861" endtime="20230620 17:01:40.862"/>
</kw>
<status status="PASS" starttime="20230620 17:01:40.855" endtime="20230620 17:01:40.866"/>
</iter>
<iter>
<var name="${row}">{'Id': 25263981, 'IndicatorCode': 'RS_198', 'SpatialDimType': 'COUNTRY', 'SpatialDim': 'AUS', 'TimeDimType': 'YEAR', 'TimeDim': 2019, 'Dim1Type': 'SEX', 'Dim1': 'BTSX', 'Dim2Type': None, 'Dim2': None,...</var>
<kw name="Create Dictionary" library="BuiltIn">
<var>${payload}</var>
<arg>country=${row}[${COUNTRY_KEY}]</arg>
<arg>year=${row}[${YEAR_KEY}]</arg>
<arg>rate=${row}[${RATE_KEY}]</arg>
<doc>Creates and returns a dictionary based on the given ``items``.</doc>
<msg timestamp="20230620 17:01:40.871" level="INFO">${payload} = {'country': 'AUS', 'year': 2019, 'rate': 4.93914}</msg>
<status status="PASS" starttime="20230620 17:01:40.868" endtime="20230620 17:01:40.871"/>
</kw>
<kw name="Append To List" library="Collections">
<arg>${payloads}</arg>
<arg>${payload}</arg>
<doc>Adds ``values`` to the end of ``list``.</doc>
<status status="PASS" starttime="20230620 17:01:40.872" endtime="20230620 17:01:40.873"/>
</kw>
<status status="PASS" starttime="20230620 17:01:40.867" endtime="20230620 17:01:40.873"/>
</iter>
<iter>
<var name="${row}">{'Id': 25263077, 'IndicatorCode': 'RS_198', 'SpatialDimType': 'COUNTRY', 'SpatialDim': 'ATG', 'TimeDimType': 'YEAR', 'TimeDim': 2019, 'Dim1Type': 'SEX', 'Dim1': 'BTSX', 'Dim2Type': None, 'Dim2': None,...</var>
<kw name="Create Dictionary" library="BuiltIn">
<var>${payload}</var>
<arg>country=${row}[${COUNTRY_KEY}]</arg>
<arg>year=${row}[${YEAR_KEY}]</arg>
<arg>rate=${row}[${RATE_KEY}]</arg>
<doc>Creates and returns a dictionary based on the given ``items``.</doc>
<msg timestamp="20230620 17:01:40.878" level="INFO">${payload} = {'country': 'ATG', 'year': 2019, 'rate': 0.0}</msg>
<status status="PASS" starttime="20230620 17:01:40.875" endtime="20230620 17:01:40.879"/>
</kw>
<kw name="Append To List" library="Collections">
<arg>${payloads}</arg>
<arg>${payload}</arg>
<doc>Adds ``values`` to the end of ``list``.</doc>
<status status="PASS" starttime="20230620 17:01:40.879" endtime="20230620 17:01:40.881"/>
</kw>
<status status="PASS" starttime="20230620 17:01:40.874" endtime="20230620 17:01:40.882"/>
</iter>
<status status="PASS" starttime="20230620 17:01:40.521" endtime="20230620 17:01:40.882"/>
</for>
<return>
<value>${payloads}</value>
<status status="PASS" starttime="20230620 17:01:40.883" endtime="20230620 17:01:40.884"/>
</return>
<msg timestamp="20230620 17:01:40.886" level="INFO">${payloads} = [{'country': 'VCT', 'year': 2011, 'rate': 3.69293}, {'country': 'SWError', 'year': 2019, 'rate': 3.13947}, {'country': 'SWE', 'year': 2018, 'rate': 3.61718}, {'country': 'SVN', 'year': 2018, 'rate': 4...</msg>
<status status="PASS" starttime="20230620 17:01:40.514" endtime="20230620 17:01:40.886"/>
</kw>
<kw name="Save work item payloads">
<arg>${payloads}</arg>
<for flavor="IN">
<var>${payload}</var>
<value>@{payloads}</value>
<iter>
<var name="${payload}">{'country': 'VCT', 'year': 2011, 'rate': 3.69293}</var>
<kw name="Save work item payload">
<arg>${payload}</arg>
<kw name="Create Dictionary" library="BuiltIn">
<var>${variables}</var>
<arg>traffic_datas=${payload}</arg>
<doc>Creates and returns a dictionary based on the given ``items``.</doc>
<msg timestamp="20230620 17:01:40.979" level="INFO">${variables} = {'traffic_datas': {'country': 'VCT', 'year': 2011, 'rate': 3.69293}}</msg>
<status status="PASS" starttime="20230620 17:01:40.977" endtime="20230620 17:01:40.980"/>
</kw>
<kw name="Create Output Work Item" library="RPA.Robocorp.WorkItems">
<arg>variables=${variables}</arg>
<arg>save=True</arg>
<doc>Create a new output work item with optional variables and files.</doc>
<msg timestamp="20230620 17:01:40.987" level="INFO">traffic_datas = {'country': 'VCT', 'year': 2011, 'rate': 3.69293}</msg>
<msg timestamp="20230620 17:01:40.993" level="INFO">Saved into output file: C:\Users\Aileen\Desktop\beecker\rb3\producer\devdata\work-items-out\run-2\work-items.json</msg>
<status status="PASS" starttime="20230620 17:01:40.982" endtime="20230620 17:01:40.994"/>
</kw>
<status status="PASS" starttime="20230620 17:01:40.972" endtime="20230620 17:01:40.995"/>
</kw>
<status status="PASS" starttime="20230620 17:01:40.971" endtime="20230620 17:01:40.995"/>
</iter>
<iter>
<var name="${payload}">{'country': 'SWError', 'year': 2019, 'rate': 3.13947}</var>
<kw name="Save work item payload">
<arg>${payload}</arg>
<kw name="Create Dictionary" library="BuiltIn">
<var>${variables}</var>
<arg>traffic_datas=${payload}</arg>
<doc>Creates and returns a dictionary based on the given ``items``.</doc>
<msg timestamp="20230620 17:01:41.001" level="INFO">${variables} = {'traffic_datas': {'country': 'SWError', 'year': 2019, 'rate': 3.13947}}</msg>
<status status="PASS" starttime="20230620 17:01:40.999" endtime="20230620 17:01:41.002"/>
</kw>
<kw name="Create Output Work Item" library="RPA.Robocorp.WorkItems">
<arg>variables=${variables}</arg>
<arg>save=True</arg>
<doc>Create a new output work item with optional variables and files.</doc>
<msg timestamp="20230620 17:01:41.005" level="INFO">traffic_datas = {'country': 'SWError', 'year': 2019, 'rate': 3.13947}</msg>
<msg timestamp="20230620 17:01:41.007" level="INFO">Saved into output file: C:\Users\Aileen\Desktop\beecker\rb3\producer\devdata\work-items-out\run-2\work-items.json</msg>
<status status="PASS" starttime="20230620 17:01:41.002" endtime="20230620 17:01:41.007"/>
</kw>
<status status="PASS" starttime="20230620 17:01:40.997" endtime="20230620 17:01:41.031"/>
</kw>
<status status="PASS" starttime="20230620 17:01:40.996" endtime="20230620 17:01:41.032"/>
</iter>
<iter>
<var name="${payload}">{'country': 'SWE', 'year': 2018, 'rate': 3.61718}</var>
<kw name="Save work item payload">
<arg>${payload}</arg>
<kw name="Create Dictionary" library="BuiltIn">
<var>${variables}</var>
<arg>traffic_datas=${payload}</arg>
<doc>Creates and returns a dictionary based on the given ``items``.</doc>
<msg timestamp="20230620 17:01:41.041" level="INFO">${variables} = {'traffic_datas': {'country': 'SWE', 'year': 2018, 'rate': 3.61718}}</msg>
<status status="PASS" starttime="20230620 17:01:41.039" endtime="20230620 17:01:41.041"/>
</kw>
<kw name="Create Output Work Item" library="RPA.Robocorp.WorkItems">
<arg>variables=${variables}</arg>
<arg>save=True</arg>
<doc>Create a new output work item with optional variables and files.</doc>
<msg timestamp="20230620 17:01:41.045" level="INFO">traffic_datas = {'country': 'SWE', 'year': 2018, 'rate': 3.61718}</msg>
<msg timestamp="20230620 17:01:41.048" level="INFO">Saved into output file: C:\Users\Aileen\Desktop\beecker\rb3\producer\devdata\work-items-out\run-2\work-items.json</msg>
<status status="PASS" starttime="20230620 17:01:41.042" endtime="20230620 17:01:41.048"/>
</kw>
<status status="PASS" starttime="20230620 17:01:41.035" endtime="20230620 17:01:41.049"/>
</kw>
<status status="PASS" starttime="20230620 17:01:41.033" endtime="20230620 17:01:41.049"/>
</iter>
<iter>
<var name="${payload}">{'country': 'SVN', 'year': 2018, 'rate': 4.52394}</var>
<kw name="Save work item payload">
<arg>${payload}</arg>
<kw name="Create Dictionary" library="BuiltIn">
<var>${variables}</var>
<arg>traffic_datas=${payload}</arg>
<doc>Creates and returns a dictionary based on the given ``items``.</doc>
<msg timestamp="20230620 17:01:41.054" level="INFO">${variables} = {'traffic_datas': {'country': 'SVN', 'year': 2018, 'rate': 4.52394}}</msg>
<status status="PASS" starttime="20230620 17:01:41.052" endtime="20230620 17:01:41.055"/>
</kw>
<kw name="Create Output Work Item" library="RPA.Robocorp.WorkItems">
<arg>variables=${variables}</arg>
<arg>save=True</arg>
<doc>Create a new output work item with optional variables and files.</doc>
<msg timestamp="20230620 17:01:41.057" level="INFO">traffic_datas = {'country': 'SVN', 'year': 2018, 'rate': 4.52394}</msg>
<msg timestamp="20230620 17:01:41.059" level="INFO">Saved into output file: C:\Users\Aileen\Desktop\beecker\rb3\producer\devdata\work-items-out\run-2\work-items.json</msg>
<status status="PASS" starttime="20230620 17:01:41.055" endtime="20230620 17:01:41.059"/>
</kw>
[...]
<doc>Creates and returns a dictionary based on the given ``items``.</doc>
<msg timestamp="20230620 17:01:41.343" level="INFO">${variables} = {'traffic_datas': {'country': 'GTM', 'year': 2006, 'rate': 4.61297}}</msg>
<status status="PASS" starttime="20230620 17:01:41.339" endtime="20230620 17:01:41.343"/>
</kw>
<kw name="Create Output Work Item" library="RPA.Robocorp.WorkItems">
<arg>variables=${variables}</arg>
<arg>save=True</arg>
<doc>Create a new output work item with optional variables and files.</doc>
<msg timestamp="20230620 17:01:41.349" level="INFO">traffic_datas = {'country': 'GTM', 'year': 2006, 'rate': 4.61297}</msg>
<msg timestamp="20230620 17:01:41.358" level="INFO">Saved into output file: C:\Users\Aileen\Desktop\beecker\rb3\producer\devdata\work-items-out\run-2\work-items.json</msg>
<status status="PASS" starttime="20230620 17:01:41.345" endtime="20230620 17:01:41.360"/>
</kw>
<status status="PASS" starttime="20230620 17:01:41.336" endtime="20230620 17:01:41.362"/>
</kw>
<status status="PASS" starttime="20230620 17:01:41.335" endtime="20230620 17:01:41.363"/>
</iter>
<iter>
<var name="${payload}">{'country': 'GRD', 'year': 2014, 'rate': 4.59137}</var>
<kw name="Save work item payload">
<arg>${payload}</arg>
<kw name="Create Dictionary" library="BuiltIn">
<var>${variables}</var>
<arg>traffic_datas=${payload}</arg>
<doc>Creates and returns a dictionary based on the given ``items``.</doc>
<msg timestamp="20230620 17:01:41.371" level="INFO">${variables} = {'traffic_datas': {'country': 'GRD', 'year': 2014, 'rate': 4.59137}}</msg>
<status status="PASS" starttime="20230620 17:01:41.369" endtime="20230620 17:01:41.372"/>
</kw>
<kw name="Create Output Work Item" library="RPA.Robocorp.WorkItems">
<arg>variables=${variables}</arg>
<arg>save=True</arg>
<doc>Create a new output work item with optional variables and files.</doc>
<msg timestamp="20230620 17:01:41.376" level="INFO">traffic_datas = {'country': 'GRD', 'year': 2014, 'rate': 4.59137}</msg>
<msg timestamp="20230620 17:01:41.380" level="INFO">Saved into output file: C:\Users\Aileen\Desktop\beecker\rb3\producer\devdata\work-items-out\run-2\work-items.json</msg>
<status status="PASS" starttime="20230620 17:01:41.373" endtime="20230620 17:01:41.381"/>
</kw>
<status status="PASS" starttime="20230620 17:01:41.366" endtime="20230620 17:01:41.382"/>
</kw>
<status status="PASS" starttime="20230620 17:01:41.364" endtime="20230620 17:01:41.383"/>
</iter>
<iter>
<var name="${payload}">{'country': 'GBR', 'year': 2019, 'rate': 3.21187}</var>
<kw name="Save work item payload">
<arg>${payload}</arg>
<kw name="Create Dictionary" library="BuiltIn">
<var>${variables}</var>
<arg>traffic_datas=${payload}</arg>
<doc>Creates and returns a dictionary based on the given ``items``.</doc>
<msg timestamp="20230620 17:01:41.392" level="INFO">${variables} = {'traffic_datas': {'country': 'GBR', 'year': 2019, 'rate': 3.21187}}</msg>
<status status="PASS" starttime="20230620 17:01:41.389" endtime="20230620 17:01:41.393"/>
</kw>
<kw name="Create Output Work Item" library="RPA.Robocorp.WorkItems">
<arg>variables=${variables}</arg>
<arg>save=True</arg>
<doc>Create a new output work item with optional variables and files.</doc>
<msg timestamp="20230620 17:01:41.398" level="INFO">traffic_datas = {'country': 'GBR', 'year': 2019, 'rate': 3.21187}</msg>
<msg timestamp="20230620 17:01:41.404" level="INFO">Saved into output file: C:\Users\Aileen\Desktop\beecker\rb3\producer\devdata\work-items-out\run-2\work-items.json</msg>
<status status="PASS" starttime="20230620 17:01:41.394" endtime="20230620 17:01:41.405"/>
</kw>
<status status="PASS" starttime="20230620 17:01:41.386" endtime="20230620 17:01:41.406"/>
</kw>
<status status="PASS" starttime="20230620 17:01:41.385" endtime="20230620 17:01:41.407"/>
</iter>
<iter>
<var name="${payload}">{'country': 'FSM', 'year': 2019, 'rate': 0.15972}</var>
<kw name="Save work item payload">
<arg>${payload}</arg>
<kw name="Create Dictionary" library="BuiltIn">
<var>${variables}</var>
<arg>traffic_datas=${payload}</arg>
<doc>Creates and returns a dictionary based on the given ``items``.</doc>
<msg timestamp="20230620 17:01:41.413" level="INFO">${variables} = {'traffic_datas': {'country': 'FSM', 'year': 2019, 'rate': 0.15972}}</msg>
<status status="PASS" starttime="20230620 17:01:41.410" endtime="20230620 17:01:41.414"/>
</kw>
<kw name="Create Output Work Item" library="RPA.Robocorp.WorkItems">
<arg>variables=${variables}</arg>
<arg>save=True</arg>
<doc>Create a new output work item with optional variables and files.</doc>
<msg timestamp="20230620 17:01:41.418" level="INFO">traffic_datas = {'country': 'FSM', 'year': 2019, 'rate': 0.15972}</msg>
<msg timestamp="20230620 17:01:41.427" level="INFO">Saved into output file: C:\Users\Aileen\Desktop\beecker\rb3\producer\devdata\work-items-out\run-2\work-items.json</msg>
<status status="PASS" starttime="20230620 17:01:41.415" endtime="20230620 17:01:41.429"/>
</kw>
<status status="PASS" starttime="20230620 17:01:41.408" endtime="20230620 17:01:41.430"/>
</kw>
<status status="PASS" starttime="20230620 17:01:41.407" endtime="20230620 17:01:41.431"/>
</iter>
<iter>
<var name="${payload}">{'country': 'FIN', 'year': 2019, 'rate': 3.88637}</var>
<kw name="Save work item payload">
<arg>${payload}</arg>
<kw name="Create Dictionary" library="BuiltIn">
<var>${variables}</var>
<arg>traffic_datas=${payload}</arg>
<doc>Creates and returns a dictionary based on the given ``items``.</doc>
<msg timestamp="20230620 17:01:41.440" level="INFO">${variables} = {'traffic_datas': {'country': 'FIN', 'year': 2019, 'rate': 3.88637}}</msg>
<status status="PASS" starttime="20230620 17:01:41.437" endtime="20230620 17:01:41.441"/>
</kw>
<kw name="Create Output Work Item" library="RPA.Robocorp.WorkItems">
<arg>variables=${variables}</arg>
<arg>save=True</arg>
<doc>Create a new output work item with optional variables and files.</doc>
<msg timestamp="20230620 17:01:41.446" level="INFO">traffic_datas = {'country': 'FIN', 'year': 2019, 'rate': 3.88637}</msg>
<msg timestamp="20230620 17:01:41.450" level="INFO">Saved into output file: C:\Users\Aileen\Desktop\beecker\rb3\producer\devdata\work-items-out\run-2\work-items.json</msg>
<status status="PASS" starttime="20230620 17:01:41.443" endtime="20230620 17:01:41.450"/>
</kw>
<status status="PASS" starttime="20230620 17:01:41.434" endtime="20230620 17:01:41.451"/>
</kw>
<status status="PASS" starttime="20230620 17:01:41.432" endtime="20230620 17:01:41.452"/>
</iter>
<iter>
<var name="${payload}">{'country': 'EST', 'year': 2019, 'rate': 4.46408}</var>
<kw name="Save work item payload">
<arg>${payload}</arg>
<kw name="Create Dictionary" library="BuiltIn">
<var>${variables}</var>
<arg>traffic_datas=${payload}</arg>
<doc>Creates and returns a dictionary based on the given ``items``.</doc>
<msg timestamp="20230620 17:01:41.458" level="INFO">${variables} = {'traffic_datas': {'country': 'EST', 'year': 2019, 'rate': 4.46408}}</msg>
<status status="PASS" starttime="20230620 17:01:41.456" endtime="20230620 17:01:41.459"/>
</kw>
<kw name="Create Output Work Item" library="RPA.Robocorp.WorkItems">
<arg>variables=${variables}</arg>
<arg>save=True</arg>
<doc>Create a new output work item with optional variables and files.</doc>
<msg timestamp="20230620 17:01:41.463" level="INFO">traffic_datas = {'country': 'EST', 'year': 2019, 'rate': 4.46408}</msg>
<msg timestamp="20230620 17:01:41.468" level="INFO">Saved into output file: C:\Users\Aileen\Desktop\beecker\rb3\producer\devdata\work-items-out\run-2\work-items.json</msg>
<status status="PASS" starttime="20230620 17:01:41.460" endtime="20230620 17:01:41.468"/>
</kw>
<status status="PASS" starttime="20230620 17:01:41.454" endtime="20230620 17:01:41.469"/>
</kw>
<status status="PASS" starttime="20230620 17:01:41.453" endtime="20230620 17:01:41.470"/>
</iter>
<iter>
<var name="${payload}">{'country': 'ESP', 'year': 2019, 'rate': 3.91405}</var>
<kw name="Save work item payload">
<arg>${payload}</arg>
<kw name="Create Dictionary" library="BuiltIn">
<var>${variables}</var>
<arg>traffic_datas=${payload}</arg>
<doc>Creates and returns a dictionary based on the given ``items``.</doc>
<msg timestamp="20230620 17:01:41.476" level="INFO">${variables} = {'traffic_datas': {'country': 'ESP', 'year': 2019, 'rate': 3.91405}}</msg>
<status status="PASS" starttime="20230620 17:01:41.474" endtime="20230620 17:01:41.477"/>
</kw>
<kw name="Create Output Work Item" library="RPA.Robocorp.WorkItems">
<arg>variables=${variables}</arg>
<arg>save=True</arg>
<doc>Create a new output work item with optional variables and files.</doc>
<msg timestamp="20230620 17:01:41.480" level="INFO">traffic_datas = {'country': 'ESP', 'year': 2019, 'rate': 3.91405}</msg>
<msg timestamp="20230620 17:01:41.485" level="INFO">Saved into output file: C:\Users\Aileen\Desktop\beecker\rb3\producer\devdata\work-items-out\run-2\work-items.json</msg>
<status status="PASS" starttime="20230620 17:01:41.478" endtime="20230620 17:01:41.486"/>
</kw>
<status status="PASS" starttime="20230620 17:01:41.471" endtime="20230620 17:01:41.487"/>
</kw>
<status status="PASS" starttime="20230620 17:01:41.471" endtime="20230620 17:01:41.487"/>
</iter>
<iter>
<var name="${payload}">{'country': 'DNK', 'year': 2019, 'rate': 3.69833}</var>
<kw name="Save work item payload">
<arg>${payload}</arg>
<kw name="Create Dictionary" library="BuiltIn">
<var>${variables}</var>
<arg>traffic_datas=${payload}</arg>
<doc>Creates and returns a dictionary based on the given ``items``.</doc>
<msg timestamp="20230620 17:01:41.494" level="INFO">${variables} = {'traffic_datas': {'country': 'DNK', 'year': 2019, 'rate': 3.69833}}</msg>
<status status="PASS" starttime="20230620 17:01:41.491" endtime="20230620 17:01:41.494"/>
</kw>
<kw name="Create Output Work Item" library="RPA.Robocorp.WorkItems">
<arg>variables=${variables}</arg>
<arg>save=True</arg>
<doc>Create a new output work item with optional variables and files.</doc>
<msg timestamp="20230620 17:01:41.500" level="INFO">traffic_datas = {'country': 'DNK', 'year': 2019, 'rate': 3.69833}</msg>
<msg timestamp="20230620 17:01:41.509" level="INFO">Saved into output file: C:\Users\Aileen\Desktop\beecker\rb3\producer\devdata\work-items-out\run-2\work-items.json</msg>
<status status="PASS" starttime="20230620 17:01:41.496" endtime="20230620 17:01:41.511"/>
</kw>
<status status="PASS" starttime="20230620 17:01:41.489" endtime="20230620 17:01:41.512"/>
</kw>
<status status="PASS" starttime="20230620 17:01:41.488" endtime="20230620 17:01:41.513"/>
</iter>
<iter>
<var name="${payload}">{'country': 'DEU', 'year': 2019, 'rate': 3.78353}</var>
<kw name="Save work item payload">
<arg>${payload}</arg>
<kw name="Create Dictionary" library="BuiltIn">
<var>${variables}</var>
<arg>traffic_datas=${payload}</arg>
<doc>Creates and returns a dictionary based on the given ``items``.</doc>
<msg timestamp="20230620 17:01:41.522" level="INFO">${variables} = {'traffic_datas': {'country': 'DEU', 'year': 2019, 'rate': 3.78353}}</msg>
<status status="PASS" starttime="20230620 17:01:41.519" endtime="20230620 17:01:41.523"/>
</kw>
<kw name="Create Output Work Item" library="RPA.Robocorp.WorkItems">
<arg>variables=${variables}</arg>
<arg>save=True</arg>
<doc>Create a new output work item with optional variables and files.</doc>
<msg timestamp="20230620 17:01:41.527" level="INFO">traffic_datas = {'country': 'DEU', 'year': 2019, 'rate': 3.78353}</msg>
<msg timestamp="20230620 17:01:41.531" level="INFO">Saved into output file: C:\Users\Aileen\Desktop\beecker\rb3\producer\devdata\work-items-out\run-2\work-items.json</msg>
<status status="PASS" starttime="20230620 17:01:41.525" endtime="20230620 17:01:41.532"/>
</kw>
<status status="PASS" starttime="20230620 17:01:41.516" endtime="20230620 17:01:41.533"/>
</kw>
<status status="PASS" starttime="20230620 17:01:41.514" endtime="20230620 17:01:41.533"/>
</iter>
<iter>
<var name="${payload}">{'country': 'CYP', 'year': 2013, 'rate': 4.9831}</var>
<kw name="Save work item payload">
<arg>${payload}</arg>
<kw name="Create Dictionary" library="BuiltIn">
<var>${variables}</var>
<arg>traffic_datas=${payload}</arg>
<doc>Creates and returns a dictionary based on the given ``items``.</doc>
<msg timestamp="20230620 17:01:41.545" level="INFO">${variables} = {'traffic_datas': {'country': 'CYP', 'year': 2013, 'rate': 4.9831}}</msg>
<status status="PASS" starttime="20230620 17:01:41.538" endtime="20230620 17:01:41.546"/>
</kw>
<kw name="Create Output Work Item" library="RPA.Robocorp.WorkItems">
<arg>variables=${variables}</arg>
<arg>save=True</arg>
<doc>Create a new output work item with optional variables and files.</doc>
<msg timestamp="20230620 17:01:41.549" level="INFO">traffic_datas = {'country': 'CYP', 'year': 2013, 'rate': 4.9831}</msg>
<msg timestamp="20230620 17:01:41.558" level="INFO">Saved into output file: C:\Users\Aileen\Desktop\beecker\rb3\producer\devdata\work-items-out\run-2\work-items.json</msg>
<status status="PASS" starttime="20230620 17:01:41.547" endtime="20230620 17:01:41.559"/>
</kw>
<status status="PASS" starttime="20230620 17:01:41.536" endtime="20230620 17:01:41.560"/>
</kw>
<status status="PASS" starttime="20230620 17:01:41.535" endtime="20230620 17:01:41.561"/>
</iter>
<iter>
<var name="${payload}">{'country': 'CHE', 'year': 2019, 'rate': 2.24644}</var>
<kw name="Save work item payload">
<arg>${payload}</arg>
<kw name="Create Dictionary" library="BuiltIn">
<var>${variables}</var>
<arg>traffic_datas=${payload}</arg>
<doc>Creates and returns a dictionary based on the given ``items``.</doc>
<msg timestamp="20230620 17:01:41.567" level="INFO">${variables} = {'traffic_datas': {'country': 'CHE', 'year': 2019, 'rate': 2.24644}}</msg>
<status status="PASS" starttime="20230620 17:01:41.565" endtime="20230620 17:01:41.568"/>
</kw>
<kw name="Create Output Work Item" library="RPA.Robocorp.WorkItems">
<arg>variables=${variables}</arg>
<arg>save=True</arg>
<doc>Create a new output work item with optional variables and files.</doc>
<msg timestamp="20230620 17:01:41.571" level="INFO">traffic_datas = {'country': 'CHE', 'year': 2019, 'rate': 2.24644}</msg>
<msg timestamp="20230620 17:01:41.577" level="INFO">Saved into output file: C:\Users\Aileen\Desktop\beecker\rb3\producer\devdata\work-items-out\run-2\work-items.json</msg>
<status status="PASS" starttime="20230620 17:01:41.568" endtime="20230620 17:01:41.578"/>
</kw>
<status status="PASS" starttime="20230620 17:01:41.563" endtime="20230620 17:01:41.578"/>
</kw>
<status status="PASS" starttime="20230620 17:01:41.562" endtime="20230620 17:01:41.592"/>
</iter>
<iter>
<var name="${payload}">{'country': 'AUT', 'year': 2019, 'rate': 4.86592}</var>
<kw name="Save work item payload">
<arg>${payload}</arg>
<kw name="Create Dictionary" library="BuiltIn">
<var>${variables}</var>
<arg>traffic_datas=${payload}</arg>
<doc>Creates and returns a dictionary based on the given ``items``.</doc>
<msg timestamp="20230620 17:01:41.597" level="INFO">${variables} = {'traffic_datas': {'country': 'AUT', 'year': 2019, 'rate': 4.86592}}</msg>
<status status="PASS" starttime="20230620 17:01:41.595" endtime="20230620 17:01:41.597"/>
</kw>
<kw name="Create Output Work Item" library="RPA.Robocorp.WorkItems">
<arg>variables=${variables}</arg>
<arg>save=True</arg>
<doc>Create a new output work item with optional variables and files.</doc>
<msg timestamp="20230620 17:01:41.599" level="INFO">traffic_datas = {'country': 'AUT', 'year': 2019, 'rate': 4.86592}</msg>
<msg timestamp="20230620 17:01:41.616" level="INFO">Saved into output file: C:\Users\Aileen\Desktop\beecker\rb3\producer\devdata\work-items-out\run-2\work-items.json</msg>
<status status="PASS" starttime="20230620 17:01:41.598" endtime="20230620 17:01:41.617"/>
</kw>
<status status="PASS" starttime="20230620 17:01:41.593" endtime="20230620 17:01:41.618"/>
</kw>
<status status="PASS" starttime="20230620 17:01:41.593" endtime="20230620 17:01:41.618"/>
</iter>
<iter>
<var name="${payload}">{'country': 'AUS', 'year': 2019, 'rate': 4.93914}</var>
<kw name="Save work item payload">
<arg>${payload}</arg>
<kw name="Create Dictionary" library="BuiltIn">
<var>${variables}</var>
<arg>traffic_datas=${payload}</arg>
<doc>Creates and returns a dictionary based on the given ``items``.</doc>
<msg timestamp="20230620 17:01:41.625" level="INFO">${variables} = {'traffic_datas': {'country': 'AUS', 'year': 2019, 'rate': 4.93914}}</msg>
<status status="PASS" starttime="20230620 17:01:41.622" endtime="20230620 17:01:41.626"/>
</kw>
<kw name="Create Output Work Item" library="RPA.Robocorp.WorkItems">
<arg>variables=${variables}</arg>
<arg>save=True</arg>
<doc>Create a new output work item with optional variables and files.</doc>
<msg timestamp="20230620 17:01:41.637" level="INFO">traffic_datas = {'country': 'AUS', 'year': 2019, 'rate': 4.93914}</msg>
<msg timestamp="20230620 17:01:41.641" level="INFO">Saved into output file: C:\Users\Aileen\Desktop\beecker\rb3\producer\devdata\work-items-out\run-2\work-items.json</msg>
<status status="PASS" starttime="20230620 17:01:41.628" endtime="20230620 17:01:41.642"/>
</kw>
<status status="PASS" starttime="20230620 17:01:41.620" endtime="20230620 17:01:41.642"/>
</kw>
<status status="PASS" starttime="20230620 17:01:41.619" endtime="20230620 17:01:41.643"/>
</iter>
<iter>
<var name="${payload}">{'country': 'ATG', 'year': 2019, 'rate': 0.0}</var>
<kw name="Save work item payload">
<arg>${payload}</arg>
<kw name="Create Dictionary" library="BuiltIn">
<var>${variables}</var>
<arg>traffic_datas=${payload}</arg>
<doc>Creates and returns a dictionary based on the given ``items``.</doc>
<msg timestamp="20230620 17:01:41.657" level="INFO">${variables} = {'traffic_datas': {'country': 'ATG', 'year': 2019, 'rate': 0.0}}</msg>
<status status="PASS" starttime="20230620 17:01:41.655" endtime="20230620 17:01:41.657"/>
</kw>
<kw name="Create Output Work Item" library="RPA.Robocorp.WorkItems">
<arg>variables=${variables}</arg>
<arg>save=True</arg>
<doc>Create a new output work item with optional variables and files.</doc>
<msg timestamp="20230620 17:01:41.660" level="INFO">traffic_datas = {'country': 'ATG', 'year': 2019, 'rate': 0.0}</msg>
<msg timestamp="20230620 17:01:41.663" level="INFO">Saved into output file: C:\Users\Aileen\Desktop\beecker\rb3\producer\devdata\work-items-out\run-2\work-items.json</msg>
<status status="PASS" starttime="20230620 17:01:41.658" endtime="20230620 17:01:41.664"/>
</kw>
<status status="PASS" starttime="20230620 17:01:41.644" endtime="20230620 17:01:41.665"/>
</kw>
<status status="PASS" starttime="20230620 17:01:41.644" endtime="20230620 17:01:41.665"/>
</iter>
<status status="PASS" starttime="20230620 17:01:40.968" endtime="20230620 17:01:41.666"/>
</for>
<status status="PASS" starttime="20230620 17:01:40.965" endtime="20230620 17:01:41.667"/>
</kw>
<status status="PASS" starttime="20230620 17:01:36.446" endtime="20230620 17:01:41.753"/>
</test>
<doc>Inhuman Insurance, Inc. Artificial Intelligence System robot.
Produces traffic data work items.</doc>
<status status="PASS" starttime="20230620 17:01:33.279" endtime="20230620 17:01:41.759"/>
</suite>
<status status="PASS" starttime="20230620 17:01:33.132" endtime="20230620 17:01:41.779"/>
</suite>
<statistics>
<total>
<stat pass="1" fail="0" skip="0">All Tasks</stat>
</total>
<tag>
</tag>
<suite>
<stat pass="1" fail="0" skip="0" id="s1" name="Producer">Producer</stat>
<stat pass="1" fail="0" skip="0" id="s1-s1" name="Producer">Producer.Producer</stat>
</suite>
</statistics>
<errors>
<msg timestamp="20230620 17:01:36.441" level="WARN">No input work items file found: None</msg>
</errors>
</robot>
